  [1m[35m (0.2ms)[0m  [1m[35mDROP DATABASE IF EXISTS "RedditClone_development"[0m
  ↳ bin/rails:9
  [1m[35m (0.2ms)[0m  [1m[35mDROP DATABASE IF EXISTS "RedditClone_test"[0m
  ↳ bin/rails:9
  [1m[35m (574.4ms)[0m  [1m[35mCREATE DATABASE "RedditClone_development" ENCODING = 'unicode'[0m
  ↳ bin/rails:9
  [1m[35m (523.9ms)[0m  [1m[35mCREATE DATABASE "RedditClone_test" ENCODING = 'unicode'[0m
  ↳ bin/rails:9
  [1m[35m (89.7ms)[0m  [1m[35mCREATE TABLE "schema_migrations" ("version" character varying NOT NULL PRIMARY KEY)[0m
  ↳ bin/rails:9
  [1m[35m (31.4ms)[0m  [1m[35mCREATE TABLE "ar_internal_metadata" ("key" character varying NOT NULL PRIMARY KEY, "value" character varying, "created_at" timestamp NOT NULL, "updated_at" timestamp NOT NULL)[0m
  ↳ bin/rails:9
  [1m[35m (0.2ms)[0m  [1m[34mSELECT pg_try_advisory_lock(6711173107426626090)[0m
  ↳ bin/rails:9
  [1m[35m (1.2ms)[0m  [1m[34mSELECT "schema_migrations"."version" FROM "schema_migrations" ORDER BY "schema_migrations"."version" ASC[0m
  ↳ bin/rails:9
Migrating to CreateUsers (20181023153101)
  [1m[35m (0.3ms)[0m  [1m[35mBEGIN[0m
  ↳ bin/rails:9
  [1m[35m (52.4ms)[0m  [1m[35mCREATE TABLE "users" ("id" bigserial primary key, "username" character varying NOT NULL, "password_digest" character varying NOT NULL, "session_token" character varying NOT NULL, "created_at" timestamp NOT NULL, "updated_at" timestamp NOT NULL)[0m
  ↳ db/migrate/20181023153101_create_users.rb:3
  [1m[35m (7.5ms)[0m  [1m[35mCREATE UNIQUE INDEX  "index_users_on_username" ON "users"  ("username")[0m
  ↳ db/migrate/20181023153101_create_users.rb:10
  [1m[35m (1.2ms)[0m  [1m[35mCREATE UNIQUE INDEX  "index_users_on_session_token" ON "users"  ("session_token")[0m
  ↳ db/migrate/20181023153101_create_users.rb:11
  [1m[36mActiveRecord::SchemaMigration Create (3.9ms)[0m  [1m[32mINSERT INTO "schema_migrations" ("version") VALUES ($1) RETURNING "version"[0m  [["version", "20181023153101"]]
  ↳ bin/rails:9
  [1m[35m (0.7ms)[0m  [1m[35mCOMMIT[0m
  ↳ bin/rails:9
  [1m[36mActiveRecord::InternalMetadata Load (1.1ms)[0m  [1m[34mSELECT  "ar_internal_metadata".* FROM "ar_internal_metadata" WHERE "ar_internal_metadata"."key" = $1 LIMIT $2[0m  [["key", "environment"], ["LIMIT", 1]]
  ↳ bin/rails:9
  [1m[35m (0.2ms)[0m  [1m[35mBEGIN[0m
  ↳ bin/rails:9
  [1m[36mActiveRecord::InternalMetadata Create (0.6ms)[0m  [1m[32mINSERT INTO "ar_internal_metadata" ("key", "value", "created_at", "updated_at") VALUES ($1, $2, $3, $4) RETURNING "key"[0m  [["key", "environment"], ["value", "development"], ["created_at", "2018-10-23 15:32:52.283784"], ["updated_at", "2018-10-23 15:32:52.283784"]]
  ↳ bin/rails:9
  [1m[35m (41.0ms)[0m  [1m[35mCOMMIT[0m
  ↳ bin/rails:9
  [1m[35m (0.3ms)[0m  [1m[34mSELECT pg_advisory_unlock(6711173107426626090)[0m
  ↳ bin/rails:9
  [1m[35m (0.6ms)[0m  [1m[34mSELECT "schema_migrations"."version" FROM "schema_migrations" ORDER BY "schema_migrations"."version" ASC[0m
  ↳ bin/rails:9
  [1m[35m (0.2ms)[0m  [1m[34mSELECT pg_try_advisory_lock(6711173107426626090)[0m
  ↳ bin/rails:9
  [1m[35m (1.2ms)[0m  [1m[34mSELECT "schema_migrations"."version" FROM "schema_migrations" ORDER BY "schema_migrations"."version" ASC[0m
  ↳ bin/rails:9
Migrating to CreateSubs (20181023161403)
  [1m[35m (0.2ms)[0m  [1m[35mBEGIN[0m
  ↳ bin/rails:9
  [1m[35m (52.1ms)[0m  [1m[35mCREATE TABLE "subs" ("id" bigserial primary key, "title" character varying NOT NULL, "description" character varying NOT NULL, "user_id" integer NOT NULL, "created_at" timestamp NOT NULL, "updated_at" timestamp NOT NULL)[0m
  ↳ db/migrate/20181023161403_create_subs.rb:3
  [1m[35m (42.1ms)[0m  [1m[35mCREATE UNIQUE INDEX  "index_subs_on_user_id" ON "subs"  ("user_id")[0m
  ↳ db/migrate/20181023161403_create_subs.rb:11
  [1m[36mActiveRecord::SchemaMigration Create (0.6ms)[0m  [1m[32mINSERT INTO "schema_migrations" ("version") VALUES ($1) RETURNING "version"[0m  [["version", "20181023161403"]]
  ↳ bin/rails:9
  [1m[35m (41.5ms)[0m  [1m[35mCOMMIT[0m
  ↳ bin/rails:9
  [1m[36mActiveRecord::InternalMetadata Load (0.5ms)[0m  [1m[34mSELECT  "ar_internal_metadata".* FROM "ar_internal_metadata" WHERE "ar_internal_metadata"."key" = $1 LIMIT $2[0m  [["key", "environment"], ["LIMIT", 1]]
  ↳ bin/rails:9
  [1m[35m (0.2ms)[0m  [1m[35mBEGIN[0m
  ↳ bin/rails:9
  [1m[35m (0.3ms)[0m  [1m[35mCOMMIT[0m
  ↳ bin/rails:9
  [1m[35m (0.6ms)[0m  [1m[34mSELECT pg_advisory_unlock(6711173107426626090)[0m
  ↳ bin/rails:9
  [1m[35m (0.4ms)[0m  [1m[34mSELECT "schema_migrations"."version" FROM "schema_migrations" ORDER BY "schema_migrations"."version" ASC[0m
  ↳ bin/rails:9
  [1m[35m (0.4ms)[0m  [1m[34mSELECT pg_try_advisory_lock(6711173107426626090)[0m
  ↳ bin/rails:9
  [1m[35m (21.4ms)[0m  [1m[34mSELECT "schema_migrations"."version" FROM "schema_migrations" ORDER BY "schema_migrations"."version" ASC[0m
  ↳ bin/rails:9
Migrating to CreatePosts (20181023181723)
  [1m[35m (0.3ms)[0m  [1m[35mBEGIN[0m
  ↳ bin/rails:9
  [1m[35m (252.9ms)[0m  [1m[35mCREATE TABLE "posts" ("id" bigserial primary key, "title" character varying NOT NULL, "url" character varying, "content" text, "sub_id" integer NOT NULL, "author_id" integer NOT NULL, "created_at" timestamp NOT NULL, "updated_at" timestamp NOT NULL)[0m
  ↳ db/migrate/20181023181723_create_posts.rb:3
  [1m[35m (1.5ms)[0m  [1m[35mCREATE  INDEX  "index_posts_on_sub_id" ON "posts"  ("sub_id")[0m
  ↳ db/migrate/20181023181723_create_posts.rb:13
  [1m[35m (1.1ms)[0m  [1m[35mCREATE  INDEX  "index_posts_on_author_id" ON "posts"  ("author_id")[0m
  ↳ db/migrate/20181023181723_create_posts.rb:14
  [1m[36mActiveRecord::SchemaMigration Create (0.6ms)[0m  [1m[32mINSERT INTO "schema_migrations" ("version") VALUES ($1) RETURNING "version"[0m  [["version", "20181023181723"]]
  ↳ bin/rails:9
  [1m[35m (0.9ms)[0m  [1m[35mCOMMIT[0m
  ↳ bin/rails:9
  [1m[36mActiveRecord::InternalMetadata Load (0.7ms)[0m  [1m[34mSELECT  "ar_internal_metadata".* FROM "ar_internal_metadata" WHERE "ar_internal_metadata"."key" = $1 LIMIT $2[0m  [["key", "environment"], ["LIMIT", 1]]
  ↳ bin/rails:9
  [1m[35m (0.2ms)[0m  [1m[35mBEGIN[0m
  ↳ bin/rails:9
  [1m[35m (0.1ms)[0m  [1m[35mCOMMIT[0m
  ↳ bin/rails:9
  [1m[35m (0.3ms)[0m  [1m[34mSELECT pg_advisory_unlock(6711173107426626090)[0m
  ↳ bin/rails:9
  [1m[35m (0.3ms)[0m  [1m[34mSELECT "schema_migrations"."version" FROM "schema_migrations" ORDER BY "schema_migrations"."version" ASC[0m
  ↳ bin/rails:9
  [1m[35m (0.3ms)[0m  [1m[35mBEGIN[0m
  [1m[36mUser Exists (43.8ms)[0m  [1m[34mSELECT  1 AS one FROM "users" WHERE "users"."username" = $1 LIMIT $2[0m  [["username", "user1"], ["LIMIT", 1]]
  [1m[36mUser Exists (0.5ms)[0m  [1m[34mSELECT  1 AS one FROM "users" WHERE "users"."session_token" = $1 LIMIT $2[0m  [["session_token", "uSudWprebSnDfqjrQ_PIaw"], ["LIMIT", 1]]
  [1m[36mUser Create (47.3ms)[0m  [1m[32mINSERT INTO "users" ("username", "password_digest", "session_token", "created_at", "updated_at") VALUES ($1, $2, $3, $4, $5) RETURNING "id"[0m  [["username", "user1"], ["password_digest", "$2a$10$g7JylVXzIOfL8LIul8/l3urmqGwWHxlXRnb7YgzzfydYm0WbruDjW"], ["session_token", "uSudWprebSnDfqjrQ_PIaw"], ["created_at", "2018-10-23 19:38:47.440919"], ["updated_at", "2018-10-23 19:38:47.440919"]]
  [1m[35m (0.8ms)[0m  [1m[35mCOMMIT[0m
  [1m[35m (0.3ms)[0m  [1m[35mBEGIN[0m
  [1m[36mUser Load (0.4ms)[0m  [1m[34mSELECT  "users".* FROM "users" WHERE "users"."id" = $1 LIMIT $2[0m  [["id", 1], ["LIMIT", 1]]
  [1m[36mSub Create (43.3ms)[0m  [1m[32mINSERT INTO "subs" ("title", "description", "user_id", "created_at", "updated_at") VALUES ($1, $2, $3, $4, $5) RETURNING "id"[0m  [["title", "obiwan kenobi"], ["description", "jedi master"], ["user_id", 1], ["created_at", "2018-10-23 19:40:58.811482"], ["updated_at", "2018-10-23 19:40:58.811482"]]
  [1m[35m (0.8ms)[0m  [1m[35mCOMMIT[0m
  [1m[36mSub Load (0.8ms)[0m  [1m[34mSELECT  "subs".* FROM "subs" LIMIT $1[0m  [["LIMIT", 11]]
  [1m[36mSub Load (0.6ms)[0m  [1m[34mSELECT  "subs".* FROM "subs" ORDER BY "subs"."id" DESC LIMIT $1[0m  [["LIMIT", 1]]
  [1m[36mSub Load (0.9ms)[0m  [1m[34mSELECT  "subs".* FROM "subs" ORDER BY "subs"."id" DESC LIMIT $1[0m  [["LIMIT", 1]]
  [1m[36mSub Load (0.9ms)[0m  [1m[34mSELECT  "subs".* FROM "subs" ORDER BY "subs"."id" DESC LIMIT $1[0m  [["LIMIT", 1]]
  [1m[35m (0.3ms)[0m  [1m[35mBEGIN[0m
  [1m[36mSub Load (0.6ms)[0m  [1m[34mSELECT  "subs".* FROM "subs" WHERE "subs"."id" = $1 LIMIT $2[0m  [["id", 1], ["LIMIT", 1]]
  [1m[36mUser Load (0.6ms)[0m  [1m[34mSELECT  "users".* FROM "users" WHERE "users"."id" = $1 LIMIT $2[0m  [["id", 1], ["LIMIT", 1]]
  [1m[36mPost Create (40.5ms)[0m  [1m[32mINSERT INTO "posts" ("title", "sub_id", "author_id", "created_at", "updated_at") VALUES ($1, $2, $3, $4, $5) RETURNING "id"[0m  [["title", "hey Obiwan"], ["sub_id", 1], ["author_id", 1], ["created_at", "2018-10-23 19:43:00.917316"], ["updated_at", "2018-10-23 19:43:00.917316"]]
  [1m[35m (1.4ms)[0m  [1m[35mCOMMIT[0m
  [1m[36mPost Load (0.8ms)[0m  [1m[34mSELECT  "posts".* FROM "posts" LIMIT $1[0m  [["LIMIT", 11]]
Started GET "/" for 127.0.0.1 at 2018-10-23 16:11:33 -0400
  [1m[35m (20.6ms)[0m  [1m[34mSELECT "schema_migrations"."version" FROM "schema_migrations" ORDER BY "schema_migrations"."version" ASC[0m
  ↳ /usr/local/var/rbenv/versions/2.5.1/lib/ruby/gems/2.5.0/gems/activerecord-5.2.1/lib/active_record/log_subscriber.rb:98
Processing by Rails::WelcomeController#index as HTML
  Rendering /usr/local/var/rbenv/versions/2.5.1/lib/ruby/gems/2.5.0/gems/railties-5.2.1/lib/rails/templates/rails/welcome/index.html.erb
  Rendered /usr/local/var/rbenv/versions/2.5.1/lib/ruby/gems/2.5.0/gems/railties-5.2.1/lib/rails/templates/rails/welcome/index.html.erb (10.7ms)
Completed 200 OK in 111ms (Views: 55.8ms | ActiveRecord: 0.0ms)


Started GET "/new" for 127.0.0.1 at 2018-10-23 16:11:39 -0400
  
ActionController::RoutingError (No route matches [GET] "/new"):
  
actionpack (5.2.1) lib/action_dispatch/middleware/debug_exceptions.rb:65:in `call'
web-console (3.7.0) lib/web_console/middleware.rb:135:in `call_app'
web-console (3.7.0) lib/web_console/middleware.rb:30:in `block in call'
web-console (3.7.0) lib/web_console/middleware.rb:20:in `catch'
web-console (3.7.0) lib/web_console/middleware.rb:20:in `call'
actionpack (5.2.1) lib/action_dispatch/middleware/show_exceptions.rb:33:in `call'
railties (5.2.1) lib/rails/rack/logger.rb:38:in `call_app'
railties (5.2.1) lib/rails/rack/logger.rb:26:in `block in call'
activesupport (5.2.1) lib/active_support/tagged_logging.rb:71:in `block in tagged'
activesupport (5.2.1) lib/active_support/tagged_logging.rb:28:in `tagged'
activesupport (5.2.1) lib/active_support/tagged_logging.rb:71:in `tagged'
railties (5.2.1) lib/rails/rack/logger.rb:26:in `call'
sprockets-rails (3.2.1) lib/sprockets/rails/quiet_assets.rb:13:in `call'
actionpack (5.2.1) lib/action_dispatch/middleware/remote_ip.rb:81:in `call'
actionpack (5.2.1) lib/action_dispatch/middleware/request_id.rb:27:in `call'
rack (2.0.5) lib/rack/method_override.rb:22:in `call'
rack (2.0.5) lib/rack/runtime.rb:22:in `call'
activesupport (5.2.1) lib/active_support/cache/strategy/local_cache_middleware.rb:29:in `call'
actionpack (5.2.1) lib/action_dispatch/middleware/executor.rb:14:in `call'
actionpack (5.2.1) lib/action_dispatch/middleware/static.rb:127:in `call'
rack (2.0.5) lib/rack/sendfile.rb:111:in `call'
railties (5.2.1) lib/rails/engine.rb:524:in `call'
puma (3.12.0) lib/puma/configuration.rb:225:in `call'
puma (3.12.0) lib/puma/server.rb:658:in `handle_request'
puma (3.12.0) lib/puma/server.rb:472:in `process_client'
puma (3.12.0) lib/puma/server.rb:332:in `block in run'
puma (3.12.0) lib/puma/thread_pool.rb:133:in `block in spawn_thread'
Started GET "/session/new" for 127.0.0.1 at 2018-10-23 16:12:22 -0400
Processing by SessionsController#new as HTML
  Rendering sessions/new.html.erb within layouts/application
  Rendered sessions/new.html.erb within layouts/application (1.1ms)
  [1m[36mUser Load (1.6ms)[0m  [1m[34mSELECT  "users".* FROM "users" WHERE "users"."session_token" IS NULL LIMIT $1[0m  [["LIMIT", 1]]
  ↳ app/controllers/application_controller.rb:8
Completed 200 OK in 587ms (Views: 467.9ms | ActiveRecord: 13.1ms)


Started POST "/session" for 127.0.0.1 at 2018-10-23 16:12:55 -0400
Processing by SessionsController#create as HTML
  Parameters: {"authenticity_token"=>"r8qjKMRxNOJBm5aMdPKz4okBu7iCQKKr7eW9bGK/2iDkNPFEwQSJOhoCvrGsS0IQZNAiGfbOeXgQ8NXUAsSHAQ==", "user"=>{"username"=>"user1", "password"=>"[FILTERED]"}}
  [1m[36mUser Load (0.8ms)[0m  [1m[34mSELECT  "users".* FROM "users" WHERE "users"."username" = $1 LIMIT $2[0m  [["username", "user1"], ["LIMIT", 1]]
  ↳ app/models/user.rb:15
Completed 500 Internal Server Error in 127ms (ActiveRecord: 1.0ms)



NoMethodError - undefined method `generate_session_token' for #<User:0x00007ff07af75d60>:
  app/models/user.rb:25:in `reset_session_token'
  app/controllers/application_controller.rb:21:in `log_in'
  app/controllers/sessions_controller.rb:13:in `create'

Started POST "/__better_errors/a084d1a9b8e6a037/variables" for 127.0.0.1 at 2018-10-23 16:12:55 -0400
Started GET "/session/new" for 127.0.0.1 at 2018-10-23 16:13:49 -0400
Processing by SessionsController#new as HTML
  Rendering sessions/new.html.erb within layouts/application
  Rendered sessions/new.html.erb within layouts/application (1.3ms)
  [1m[36mUser Load (1.0ms)[0m  [1m[34mSELECT  "users".* FROM "users" WHERE "users"."session_token" IS NULL LIMIT $1[0m  [["LIMIT", 1]]
  ↳ app/controllers/application_controller.rb:8
Completed 200 OK in 134ms (Views: 81.6ms | ActiveRecord: 1.0ms)


Started POST "/session" for 127.0.0.1 at 2018-10-23 16:13:58 -0400
Processing by SessionsController#create as HTML
  Parameters: {"authenticity_token"=>"769jx9+FutdagramQdN0vzASJLrGcrlumOrWW8RgshqkUTGr2vAHDwEbnpuZaoVN3cO9G7L8Yr1l/77jpBvvOw==", "user"=>{"username"=>"user1", "password"=>"[FILTERED]"}}
  [1m[36mUser Load (0.6ms)[0m  [1m[34mSELECT  "users".* FROM "users" WHERE "users"."username" = $1 LIMIT $2[0m  [["username", "user1"], ["LIMIT", 1]]
  ↳ app/models/user.rb:15
  [1m[35m (0.3ms)[0m  [1m[35mBEGIN[0m
  ↳ app/models/user.rb:26
  [1m[36mUser Exists (0.7ms)[0m  [1m[34mSELECT  1 AS one FROM "users" WHERE "users"."username" = $1 AND "users"."id" != $2 LIMIT $3[0m  [["username", "user1"], ["id", 1], ["LIMIT", 1]]
  ↳ app/models/user.rb:26
  [1m[36mUser Exists (0.6ms)[0m  [1m[34mSELECT  1 AS one FROM "users" WHERE "users"."session_token" = $1 AND "users"."id" != $2 LIMIT $3[0m  [["session_token", "_RC91QHSTxisYSc4krupvg"], ["id", 1], ["LIMIT", 1]]
  ↳ app/models/user.rb:26
  [1m[36mUser Update (1.1ms)[0m  [1m[33mUPDATE "users" SET "session_token" = $1, "updated_at" = $2 WHERE "users"."id" = $3[0m  [["session_token", "_RC91QHSTxisYSc4krupvg"], ["updated_at", "2018-10-23 20:13:58.660110"], ["id", 1]]
  ↳ app/models/user.rb:26
  [1m[35m (0.6ms)[0m  [1m[35mCOMMIT[0m
  ↳ app/models/user.rb:26
No template found for SessionsController#create, rendering head :no_content
Completed 204 No Content in 198ms (ActiveRecord: 4.3ms)


Started POST "/session" for 127.0.0.1 at 2018-10-23 16:14:57 -0400
Processing by SessionsController#create as HTML
  Parameters: {"authenticity_token"=>"769jx9+FutdagramQdN0vzASJLrGcrlumOrWW8RgshqkUTGr2vAHDwEbnpuZaoVN3cO9G7L8Yr1l/77jpBvvOw==", "user"=>{"username"=>"user1", "password"=>"[FILTERED]"}}
  [1m[36mUser Load (0.6ms)[0m  [1m[34mSELECT  "users".* FROM "users" WHERE "users"."username" = $1 LIMIT $2[0m  [["username", "user1"], ["LIMIT", 1]]
  ↳ app/models/user.rb:15
  [1m[35m (0.2ms)[0m  [1m[35mBEGIN[0m
  ↳ app/models/user.rb:26
  [1m[36mUser Exists (0.5ms)[0m  [1m[34mSELECT  1 AS one FROM "users" WHERE "users"."username" = $1 AND "users"."id" != $2 LIMIT $3[0m  [["username", "user1"], ["id", 1], ["LIMIT", 1]]
  ↳ app/models/user.rb:26
  [1m[36mUser Exists (0.5ms)[0m  [1m[34mSELECT  1 AS one FROM "users" WHERE "users"."session_token" = $1 AND "users"."id" != $2 LIMIT $3[0m  [["session_token", "TwTUy0rzDye2abOYabXqiA"], ["id", 1], ["LIMIT", 1]]
  ↳ app/models/user.rb:26
  [1m[36mUser Update (0.6ms)[0m  [1m[33mUPDATE "users" SET "session_token" = $1, "updated_at" = $2 WHERE "users"."id" = $3[0m  [["session_token", "TwTUy0rzDye2abOYabXqiA"], ["updated_at", "2018-10-23 20:14:58.293975"], ["id", 1]]
  ↳ app/models/user.rb:26
  [1m[35m (0.5ms)[0m  [1m[35mCOMMIT[0m
  ↳ app/models/user.rb:26
Redirected to http://localhost:3000/subs
Completed 302 Found in 161ms (ActiveRecord: 14.0ms)


Started GET "/subs" for 127.0.0.1 at 2018-10-23 16:14:58 -0400
Processing by SubsController#index as HTML
  [1m[36mUser Load (0.4ms)[0m  [1m[34mSELECT  "users".* FROM "users" WHERE "users"."session_token" = $1 LIMIT $2[0m  [["session_token", "TwTUy0rzDye2abOYabXqiA"], ["LIMIT", 1]]
  ↳ app/controllers/application_controller.rb:8
  Rendering subs/index.html.erb within layouts/application
  [1m[36mSub Load (1.6ms)[0m  [1m[34mSELECT "subs".* FROM "subs"[0m
  ↳ app/views/subs/index.html.erb:3
  Rendered subs/index.html.erb within layouts/application (23.6ms)
Completed 200 OK in 103ms (Views: 84.4ms | ActiveRecord: 9.2ms)


Started GET "/subs" for 127.0.0.1 at 2018-10-23 16:15:23 -0400
Processing by SubsController#index as HTML
  [1m[36mUser Load (0.6ms)[0m  [1m[34mSELECT  "users".* FROM "users" WHERE "users"."session_token" = $1 LIMIT $2[0m  [["session_token", "TwTUy0rzDye2abOYabXqiA"], ["LIMIT", 1]]
  ↳ app/controllers/application_controller.rb:8
  Rendering subs/index.html.erb within layouts/application
  [1m[36mSub Load (0.6ms)[0m  [1m[34mSELECT "subs".* FROM "subs"[0m
  ↳ app/views/subs/index.html.erb:3
  Rendered subs/index.html.erb within layouts/application (2.4ms)
Completed 200 OK in 39ms (Views: 32.8ms | ActiveRecord: 1.3ms)


Started GET "/subs" for 127.0.0.1 at 2018-10-23 16:15:46 -0400
Processing by SubsController#index as HTML
  [1m[36mUser Load (0.7ms)[0m  [1m[34mSELECT  "users".* FROM "users" WHERE "users"."session_token" = $1 LIMIT $2[0m  [["session_token", "TwTUy0rzDye2abOYabXqiA"], ["LIMIT", 1]]
  ↳ app/controllers/application_controller.rb:8
  Rendering subs/index.html.erb within layouts/application
  [1m[36mSub Load (0.5ms)[0m  [1m[34mSELECT "subs".* FROM "subs"[0m
  ↳ app/views/subs/index.html.erb:3
  Rendered subs/index.html.erb within layouts/application (2.6ms)
Completed 200 OK in 42ms (Views: 35.3ms | ActiveRecord: 1.2ms)


Started GET "/subs" for 127.0.0.1 at 2018-10-23 16:17:01 -0400
Processing by SubsController#index as HTML
  [1m[36mUser Load (0.5ms)[0m  [1m[34mSELECT  "users".* FROM "users" WHERE "users"."session_token" = $1 LIMIT $2[0m  [["session_token", "TwTUy0rzDye2abOYabXqiA"], ["LIMIT", 1]]
  ↳ app/controllers/application_controller.rb:8
  Rendering subs/index.html.erb within layouts/application
  [1m[36mSub Load (0.7ms)[0m  [1m[34mSELECT "subs".* FROM "subs"[0m
  ↳ app/views/subs/index.html.erb:3
  Rendered subs/index.html.erb within layouts/application (3.3ms)
Completed 200 OK in 38ms (Views: 32.3ms | ActiveRecord: 1.2ms)


Started GET "/subs/1" for 127.0.0.1 at 2018-10-23 16:17:02 -0400
Processing by SubsController#show as HTML
  Parameters: {"id"=>"1"}
  [1m[36mUser Load (0.8ms)[0m  [1m[34mSELECT  "users".* FROM "users" WHERE "users"."session_token" = $1 LIMIT $2[0m  [["session_token", "TwTUy0rzDye2abOYabXqiA"], ["LIMIT", 1]]
  ↳ app/controllers/application_controller.rb:8
  [1m[36mSub Load (0.6ms)[0m  [1m[34mSELECT  "subs".* FROM "subs" WHERE "subs"."id" = $1 LIMIT $2[0m  [["id", 1], ["LIMIT", 1]]
  ↳ app/controllers/subs_controller.rb:21
  Rendering subs/show.html.erb within layouts/application
  Rendered subs/show.html.erb within layouts/application (0.5ms)
Completed 200 OK in 36ms (Views: 24.6ms | ActiveRecord: 1.5ms)


Started GET "/subs/1" for 127.0.0.1 at 2018-10-23 16:28:13 -0400
Processing by SubsController#show as HTML
  Parameters: {"id"=>"1"}
  [1m[36mUser Load (0.8ms)[0m  [1m[34mSELECT  "users".* FROM "users" WHERE "users"."session_token" = $1 LIMIT $2[0m  [["session_token", "TwTUy0rzDye2abOYabXqiA"], ["LIMIT", 1]]
  ↳ app/controllers/application_controller.rb:8
  [1m[36mSub Load (0.7ms)[0m  [1m[34mSELECT  "subs".* FROM "subs" WHERE "subs"."id" = $1 LIMIT $2[0m  [["id", 1], ["LIMIT", 1]]
  ↳ app/controllers/subs_controller.rb:21
  Rendering subs/show.html.erb within layouts/application
  [1m[36mPost Load (0.9ms)[0m  [1m[34mSELECT "posts".* FROM "posts" WHERE "posts"."sub_id" = $1[0m  [["sub_id", 1]]
  ↳ app/views/subs/show.html.erb:1
  Rendered subs/show.html.erb within layouts/application (15.7ms)
Completed 200 OK in 165ms (Views: 70.7ms | ActiveRecord: 33.0ms)


Started DELETE "/session" for 127.0.0.1 at 2018-10-23 16:28:51 -0400
Processing by SessionsController#destroy as HTML
  Parameters: {"authenticity_token"=>"9mSKRBfgZh0l5Ly+ZI53ST16iqPlGQkLb1fuxBX+Aay9mtgoEpXbxX59lIO8N4a70KsTApGX0tiSQoZ8dYVcjQ=="}
  [1m[36mUser Load (0.5ms)[0m  [1m[34mSELECT  "users".* FROM "users" WHERE "users"."session_token" = $1 LIMIT $2[0m  [["session_token", "TwTUy0rzDye2abOYabXqiA"], ["LIMIT", 1]]
  ↳ app/controllers/application_controller.rb:8
  [1m[35m (0.2ms)[0m  [1m[35mBEGIN[0m
  ↳ app/models/user.rb:26
  [1m[36mUser Exists (0.7ms)[0m  [1m[34mSELECT  1 AS one FROM "users" WHERE "users"."username" = $1 AND "users"."id" != $2 LIMIT $3[0m  [["username", "user1"], ["id", 1], ["LIMIT", 1]]
  ↳ app/models/user.rb:26
  [1m[36mUser Exists (0.5ms)[0m  [1m[34mSELECT  1 AS one FROM "users" WHERE "users"."session_token" = $1 AND "users"."id" != $2 LIMIT $3[0m  [["session_token", "VW2Ss9Q0Xm738KyRjMvbNw"], ["id", 1], ["LIMIT", 1]]
  ↳ app/models/user.rb:26
  [1m[36mUser Update (0.7ms)[0m  [1m[33mUPDATE "users" SET "session_token" = $1, "updated_at" = $2 WHERE "users"."id" = $3[0m  [["session_token", "VW2Ss9Q0Xm738KyRjMvbNw"], ["updated_at", "2018-10-23 20:28:51.510084"], ["id", 1]]
  ↳ app/models/user.rb:26
  [1m[35m (40.8ms)[0m  [1m[35mCOMMIT[0m
  ↳ app/models/user.rb:26
Redirected to http://localhost:3000/session/new
Completed 302 Found in 51ms (ActiveRecord: 43.3ms)


Started GET "/session/new" for 127.0.0.1 at 2018-10-23 16:28:51 -0400
Processing by SessionsController#new as HTML
  Rendering sessions/new.html.erb within layouts/application
  Rendered sessions/new.html.erb within layouts/application (1.2ms)
  [1m[36mUser Load (0.6ms)[0m  [1m[34mSELECT  "users".* FROM "users" WHERE "users"."session_token" IS NULL LIMIT $1[0m  [["LIMIT", 1]]
  ↳ app/controllers/application_controller.rb:8
Completed 200 OK in 37ms (Views: 25.4ms | ActiveRecord: 0.6ms)


Started GET "/users/new" for 127.0.0.1 at 2018-10-23 16:29:11 -0400
Processing by UsersController#new as HTML
  Rendering users/new.html.erb within layouts/application
  Rendered users/new.html.erb within layouts/application (0.7ms)
  [1m[36mUser Load (0.5ms)[0m  [1m[34mSELECT  "users".* FROM "users" WHERE "users"."session_token" IS NULL LIMIT $1[0m  [["LIMIT", 1]]
  ↳ app/controllers/application_controller.rb:8
Completed 200 OK in 56ms (Views: 23.2ms | ActiveRecord: 0.5ms)


Started GET "/users/new" for 127.0.0.1 at 2018-10-23 16:29:46 -0400
Processing by UsersController#new as HTML
  Rendering users/new.html.erb within layouts/application
  Rendered users/new.html.erb within layouts/application (0.7ms)
  [1m[36mUser Load (0.6ms)[0m  [1m[34mSELECT  "users".* FROM "users" WHERE "users"."session_token" IS NULL LIMIT $1[0m  [["LIMIT", 1]]
  ↳ app/controllers/application_controller.rb:8
Completed 200 OK in 53ms (Views: 48.1ms | ActiveRecord: 0.6ms)


Started POST "/users" for 127.0.0.1 at 2018-10-23 16:29:54 -0400
Processing by UsersController#create as HTML
  Parameters: {"authenticity_token"=>"3Oefr0JMwaanWe+qLJwH22fzbxriOsktavAcPoNot2eXGc3DRzl8fvzAx5f0JfYpiiL2u5a0Ev6X5XSG4xPqRg==", "user"=>{"username"=>"darthvader", "password"=>"[FILTERED]"}}
Completed 400 Bad Request in 2ms (ActiveRecord: 0.0ms)



ActionController::ParameterMissing - param is missing or the value is empty: users:
  app/controllers/users_controller.rb:25:in `user_params'
  app/controllers/users_controller.rb:9:in `create'

Started POST "/__better_errors/dd8b60949ea439b3/variables" for 127.0.0.1 at 2018-10-23 16:29:54 -0400
Started POST "/users" for 127.0.0.1 at 2018-10-23 16:30:54 -0400
Processing by UsersController#create as HTML
  Parameters: {"authenticity_token"=>"3Oefr0JMwaanWe+qLJwH22fzbxriOsktavAcPoNot2eXGc3DRzl8fvzAx5f0JfYpiiL2u5a0Ev6X5XSG4xPqRg==", "user"=>{"username"=>"darthvader", "password"=>"[FILTERED]"}}
  [1m[35m (0.2ms)[0m  [1m[35mBEGIN[0m
  ↳ app/controllers/users_controller.rb:11
  [1m[36mUser Exists (0.6ms)[0m  [1m[34mSELECT  1 AS one FROM "users" WHERE "users"."username" = $1 LIMIT $2[0m  [["username", "darthvader"], ["LIMIT", 1]]
  ↳ app/controllers/users_controller.rb:11
  [1m[36mUser Exists (0.4ms)[0m  [1m[34mSELECT  1 AS one FROM "users" WHERE "users"."session_token" = $1 LIMIT $2[0m  [["session_token", "UgM2ldPUjvJ95EKpQIXSjw"], ["LIMIT", 1]]
  ↳ app/controllers/users_controller.rb:11
  [1m[36mUser Create (25.6ms)[0m  [1m[32mINSERT INTO "users" ("username", "password_digest", "session_token", "created_at", "updated_at") VALUES ($1, $2, $3, $4, $5) RETURNING "id"[0m  [["username", "darthvader"], ["password_digest", "$2a$10$nPYt3awzDDXP76r4xh48Z.iQtPj4LOIkXYsHOOC4IUTBaw7TrWm/G"], ["session_token", "UgM2ldPUjvJ95EKpQIXSjw"], ["created_at", "2018-10-23 20:30:54.862169"], ["updated_at", "2018-10-23 20:30:54.862169"]]
  ↳ app/controllers/users_controller.rb:11
  [1m[35m (0.5ms)[0m  [1m[35mCOMMIT[0m
  ↳ app/controllers/users_controller.rb:11
  [1m[35m (0.2ms)[0m  [1m[35mBEGIN[0m
  ↳ app/models/user.rb:26
  [1m[36mUser Exists (0.5ms)[0m  [1m[34mSELECT  1 AS one FROM "users" WHERE "users"."username" = $1 AND "users"."id" != $2 LIMIT $3[0m  [["username", "darthvader"], ["id", 2], ["LIMIT", 1]]
  ↳ app/models/user.rb:26
  [1m[36mUser Exists (0.5ms)[0m  [1m[34mSELECT  1 AS one FROM "users" WHERE "users"."session_token" = $1 AND "users"."id" != $2 LIMIT $3[0m  [["session_token", "BvjNX1rMbJRLDIogs-_FWg"], ["id", 2], ["LIMIT", 1]]
  ↳ app/models/user.rb:26
  [1m[36mUser Update (0.8ms)[0m  [1m[33mUPDATE "users" SET "session_token" = $1, "updated_at" = $2 WHERE "users"."id" = $3[0m  [["session_token", "BvjNX1rMbJRLDIogs-_FWg"], ["updated_at", "2018-10-23 20:30:54.893716"], ["id", 2]]
  ↳ app/models/user.rb:26
  [1m[35m (0.5ms)[0m  [1m[35mCOMMIT[0m
  ↳ app/models/user.rb:26
Redirected to http://localhost:3000/subs
Completed 302 Found in 152ms (ActiveRecord: 39.6ms)


Started GET "/subs" for 127.0.0.1 at 2018-10-23 16:30:54 -0400
Processing by SubsController#index as HTML
  [1m[36mUser Load (0.7ms)[0m  [1m[34mSELECT  "users".* FROM "users" WHERE "users"."session_token" = $1 LIMIT $2[0m  [["session_token", "BvjNX1rMbJRLDIogs-_FWg"], ["LIMIT", 1]]
  ↳ app/controllers/application_controller.rb:8
  Rendering subs/index.html.erb within layouts/application
  [1m[36mSub Load (0.5ms)[0m  [1m[34mSELECT "subs".* FROM "subs"[0m
  ↳ app/views/subs/index.html.erb:3
  Rendered subs/index.html.erb within layouts/application (14.7ms)
Completed 200 OK in 83ms (Views: 55.3ms | ActiveRecord: 6.8ms)


Started GET "/subs/1" for 127.0.0.1 at 2018-10-23 16:31:09 -0400
Processing by SubsController#show as HTML
  Parameters: {"id"=>"1"}
  [1m[36mUser Load (2.4ms)[0m  [1m[34mSELECT  "users".* FROM "users" WHERE "users"."session_token" = $1 LIMIT $2[0m  [["session_token", "BvjNX1rMbJRLDIogs-_FWg"], ["LIMIT", 1]]
  ↳ app/controllers/application_controller.rb:8
  [1m[36mSub Load (1.4ms)[0m  [1m[34mSELECT  "subs".* FROM "subs" WHERE "subs"."id" = $1 LIMIT $2[0m  [["id", 1], ["LIMIT", 1]]
  ↳ app/controllers/subs_controller.rb:21
  Rendering subs/show.html.erb within layouts/application
  [1m[36mPost Load (0.6ms)[0m  [1m[34mSELECT "posts".* FROM "posts" WHERE "posts"."sub_id" = $1[0m  [["sub_id", 1]]
  ↳ app/views/subs/show.html.erb:1
  Rendered subs/show.html.erb within layouts/application (12.5ms)
Completed 200 OK in 96ms (Views: 36.9ms | ActiveRecord: 10.0ms)


Started GET "/subs/1" for 127.0.0.1 at 2018-10-23 16:33:36 -0400
Processing by SubsController#show as HTML
  Parameters: {"id"=>"1"}
  [1m[36mUser Load (0.7ms)[0m  [1m[34mSELECT  "users".* FROM "users" WHERE "users"."session_token" = $1 LIMIT $2[0m  [["session_token", "BvjNX1rMbJRLDIogs-_FWg"], ["LIMIT", 1]]
  ↳ app/controllers/application_controller.rb:8
  [1m[36mSub Load (1.4ms)[0m  [1m[34mSELECT  "subs".* FROM "subs" WHERE "subs"."id" = $1 LIMIT $2[0m  [["id", 1], ["LIMIT", 1]]
  ↳ app/controllers/subs_controller.rb:21
  Rendering subs/show.html.erb within layouts/application
  [1m[36mPost Load (0.8ms)[0m  [1m[34mSELECT "posts".* FROM "posts" WHERE "posts"."sub_id" = $1[0m  [["sub_id", 1]]
  ↳ app/views/subs/show.html.erb:1
  Rendered subs/show.html.erb within layouts/application (23.8ms)
Completed 200 OK in 131ms (Views: 63.0ms | ActiveRecord: 28.5ms)


Started POST "/subs/1/posts" for 127.0.0.1 at 2018-10-23 16:34:05 -0400
Processing by PostsController#create as HTML
  Parameters: {"authenticity_token"=>"VOWKZ0gKEg2K9M1JqReK+kloR3CrfuXPBTxl41WtR/wfG9gLTX+v1dFt5XRxrnsIpLne0d/wPhz4KQ1bNdYa3Q==", "post"=>{"title"=>"My name is Darth Vader", "content"=>"I have a new deathstar", "url"=>"deathstar.com"}, "sub_id"=>"1"}
  [1m[36mUser Load (0.9ms)[0m  [1m[34mSELECT  "users".* FROM "users" WHERE "users"."session_token" = $1 LIMIT $2[0m  [["session_token", "BvjNX1rMbJRLDIogs-_FWg"], ["LIMIT", 1]]
  ↳ app/controllers/application_controller.rb:8
Completed 500 Internal Server Error in 13ms (ActiveRecord: 0.9ms)



NoMethodError - undefined method `user_id=' for #<Post:0x00007ff076ef2798>:
  app/controllers/posts_controller.rb:12:in `create'

Started POST "/__better_errors/81946ce8a444e2d4/variables" for 127.0.0.1 at 2018-10-23 16:34:05 -0400
Started POST "/subs/1/posts" for 127.0.0.1 at 2018-10-23 16:34:34 -0400
Processing by PostsController#create as HTML
  Parameters: {"authenticity_token"=>"VOWKZ0gKEg2K9M1JqReK+kloR3CrfuXPBTxl41WtR/wfG9gLTX+v1dFt5XRxrnsIpLne0d/wPhz4KQ1bNdYa3Q==", "post"=>{"title"=>"My name is Darth Vader", "content"=>"I have a new deathstar", "url"=>"deathstar.com"}, "sub_id"=>"1"}
  [1m[36mUser Load (0.3ms)[0m  [1m[34mSELECT  "users".* FROM "users" WHERE "users"."session_token" = $1 LIMIT $2[0m  [["session_token", "BvjNX1rMbJRLDIogs-_FWg"], ["LIMIT", 1]]
  ↳ app/controllers/application_controller.rb:8
  [1m[35m (0.6ms)[0m  [1m[35mBEGIN[0m
  ↳ app/controllers/posts_controller.rb:13
  [1m[36mSub Load (0.4ms)[0m  [1m[34mSELECT  "subs".* FROM "subs" WHERE "subs"."id" = $1 LIMIT $2[0m  [["id", 1], ["LIMIT", 1]]
  ↳ app/controllers/posts_controller.rb:13
  [1m[36mUser Load (0.5ms)[0m  [1m[34mSELECT  "users".* FROM "users" WHERE "users"."id" = $1 LIMIT $2[0m  [["id", 2], ["LIMIT", 1]]
  ↳ app/controllers/posts_controller.rb:13
  [1m[36mPost Create (0.7ms)[0m  [1m[32mINSERT INTO "posts" ("title", "url", "content", "sub_id", "author_id", "created_at", "updated_at") VALUES ($1, $2, $3, $4, $5, $6, $7) RETURNING "id"[0m  [["title", "My name is Darth Vader"], ["url", "deathstar.com"], ["content", "I have a new deathstar"], ["sub_id", 1], ["author_id", 2], ["created_at", "2018-10-23 20:34:34.957631"], ["updated_at", "2018-10-23 20:34:34.957631"]]
  ↳ app/controllers/posts_controller.rb:13
  [1m[35m (0.4ms)[0m  [1m[35mCOMMIT[0m
  ↳ app/controllers/posts_controller.rb:13
Redirected to http://localhost:3000/posts/2
Completed 302 Found in 106ms (ActiveRecord: 25.0ms)


Started GET "/posts/2" for 127.0.0.1 at 2018-10-23 16:34:34 -0400
Processing by PostsController#show as HTML
  Parameters: {"id"=>"2"}
  [1m[36mUser Load (0.4ms)[0m  [1m[34mSELECT  "users".* FROM "users" WHERE "users"."session_token" = $1 LIMIT $2[0m  [["session_token", "BvjNX1rMbJRLDIogs-_FWg"], ["LIMIT", 1]]
  ↳ app/controllers/application_controller.rb:8
  [1m[36mPost Load (0.7ms)[0m  [1m[34mSELECT  "posts".* FROM "posts" WHERE "posts"."id" = $1 LIMIT $2[0m  [["id", 2], ["LIMIT", 1]]
  ↳ app/controllers/posts_controller.rb:22
  Rendering posts/show.html.erb within layouts/application
  Rendered posts/show.html.erb within layouts/application (0.4ms)
Completed 200 OK in 68ms (Views: 61.6ms | ActiveRecord: 1.1ms)


Started GET "/subs/1" for 127.0.0.1 at 2018-10-23 16:34:47 -0400
Processing by SubsController#show as HTML
  Parameters: {"id"=>"1"}
  [1m[36mUser Load (0.4ms)[0m  [1m[34mSELECT  "users".* FROM "users" WHERE "users"."session_token" = $1 LIMIT $2[0m  [["session_token", "BvjNX1rMbJRLDIogs-_FWg"], ["LIMIT", 1]]
  ↳ app/controllers/application_controller.rb:8
  [1m[36mSub Load (0.4ms)[0m  [1m[34mSELECT  "subs".* FROM "subs" WHERE "subs"."id" = $1 LIMIT $2[0m  [["id", 1], ["LIMIT", 1]]
  ↳ app/controllers/subs_controller.rb:21
  Rendering subs/show.html.erb within layouts/application
  [1m[36mPost Load (0.7ms)[0m  [1m[34mSELECT "posts".* FROM "posts" WHERE "posts"."sub_id" = $1[0m  [["sub_id", 1]]
  ↳ app/views/subs/show.html.erb:1
  Rendered subs/show.html.erb within layouts/application (2.8ms)
Completed 200 OK in 29ms (Views: 24.7ms | ActiveRecord: 1.5ms)


Started GET "/posts/2/edit" for 127.0.0.1 at 2018-10-23 16:34:52 -0400
Processing by PostsController#edit as HTML
  Parameters: {"id"=>"2"}
  [1m[36mUser Load (0.5ms)[0m  [1m[34mSELECT  "users".* FROM "users" WHERE "users"."session_token" = $1 LIMIT $2[0m  [["session_token", "BvjNX1rMbJRLDIogs-_FWg"], ["LIMIT", 1]]
  ↳ app/controllers/application_controller.rb:8
  [1m[36mPost Load (0.5ms)[0m  [1m[34mSELECT  "posts".* FROM "posts" WHERE "posts"."id" = $1 LIMIT $2[0m  [["id", 2], ["LIMIT", 1]]
  ↳ app/controllers/posts_controller.rb:26
  Rendering posts/edit.html.erb within layouts/application
  Rendered posts/edit.html.erb within layouts/application (0.9ms)
Completed 200 OK in 37ms (Views: 28.8ms | ActiveRecord: 0.9ms)


Started GET "/subs/1" for 127.0.0.1 at 2018-10-23 16:39:51 -0400
Processing by SubsController#show as HTML
  Parameters: {"id"=>"1"}
  [1m[36mUser Load (0.6ms)[0m  [1m[34mSELECT  "users".* FROM "users" WHERE "users"."session_token" = $1 LIMIT $2[0m  [["session_token", "BvjNX1rMbJRLDIogs-_FWg"], ["LIMIT", 1]]
  ↳ app/controllers/application_controller.rb:8
  [1m[36mSub Load (0.7ms)[0m  [1m[34mSELECT  "subs".* FROM "subs" WHERE "subs"."id" = $1 LIMIT $2[0m  [["id", 1], ["LIMIT", 1]]
  ↳ app/controllers/subs_controller.rb:21
  Rendering subs/show.html.erb within layouts/application
  [1m[36mPost Load (0.7ms)[0m  [1m[34mSELECT "posts".* FROM "posts" WHERE "posts"."sub_id" = $1[0m  [["sub_id", 1]]
  ↳ app/views/subs/show.html.erb:1
  Rendered subs/show.html.erb within layouts/application (3.6ms)
Completed 200 OK in 33ms (Views: 26.9ms | ActiveRecord: 2.0ms)


Started GET "/subs" for 127.0.0.1 at 2018-10-23 16:40:08 -0400
Processing by SubsController#index as HTML
  [1m[36mUser Load (1.2ms)[0m  [1m[34mSELECT  "users".* FROM "users" WHERE "users"."session_token" = $1 LIMIT $2[0m  [["session_token", "BvjNX1rMbJRLDIogs-_FWg"], ["LIMIT", 1]]
  ↳ app/controllers/application_controller.rb:8
  Rendering subs/index.html.erb within layouts/application
  [1m[36mSub Load (0.6ms)[0m  [1m[34mSELECT "subs".* FROM "subs"[0m
  ↳ app/views/subs/index.html.erb:3
  Rendered subs/index.html.erb within layouts/application (2.5ms)
Completed 200 OK in 32ms (Views: 26.3ms | ActiveRecord: 1.7ms)


Started GET "/subs/1" for 127.0.0.1 at 2018-10-23 16:40:19 -0400
Processing by SubsController#show as HTML
  Parameters: {"id"=>"1"}
  [1m[36mUser Load (0.4ms)[0m  [1m[34mSELECT  "users".* FROM "users" WHERE "users"."session_token" = $1 LIMIT $2[0m  [["session_token", "BvjNX1rMbJRLDIogs-_FWg"], ["LIMIT", 1]]
  ↳ app/controllers/application_controller.rb:8
  [1m[36mSub Load (0.3ms)[0m  [1m[34mSELECT  "subs".* FROM "subs" WHERE "subs"."id" = $1 LIMIT $2[0m  [["id", 1], ["LIMIT", 1]]
  ↳ app/controllers/subs_controller.rb:21
  Rendering subs/show.html.erb within layouts/application
  [1m[36mPost Load (1.2ms)[0m  [1m[34mSELECT "posts".* FROM "posts" WHERE "posts"."sub_id" = $1[0m  [["sub_id", 1]]
  ↳ app/views/subs/show.html.erb:1
  Rendered subs/show.html.erb within layouts/application (4.9ms)
Completed 200 OK in 40ms (Views: 33.4ms | ActiveRecord: 1.9ms)


Started GET "/subs/1" for 127.0.0.1 at 2018-10-23 16:40:42 -0400
Processing by SubsController#show as HTML
  Parameters: {"id"=>"1"}
  [1m[36mUser Load (0.4ms)[0m  [1m[34mSELECT  "users".* FROM "users" WHERE "users"."session_token" = $1 LIMIT $2[0m  [["session_token", "BvjNX1rMbJRLDIogs-_FWg"], ["LIMIT", 1]]
  ↳ app/controllers/application_controller.rb:8
  [1m[36mSub Load (9.7ms)[0m  [1m[34mSELECT  "subs".* FROM "subs" WHERE "subs"."id" = $1 LIMIT $2[0m  [["id", 1], ["LIMIT", 1]]
  ↳ app/controllers/subs_controller.rb:21
  Rendering subs/show.html.erb within layouts/application
  [1m[36mPost Load (0.7ms)[0m  [1m[34mSELECT "posts".* FROM "posts" WHERE "posts"."sub_id" = $1[0m  [["sub_id", 1]]
  ↳ app/views/subs/show.html.erb:1
  Rendered subs/show.html.erb within layouts/application (3.2ms)
Completed 200 OK in 43ms (Views: 28.2ms | ActiveRecord: 10.8ms)


Started GET "/subs/1" for 127.0.0.1 at 2018-10-23 16:41:29 -0400
Processing by SubsController#show as HTML
  Parameters: {"id"=>"1"}
  [1m[36mUser Load (11.7ms)[0m  [1m[34mSELECT  "users".* FROM "users" WHERE "users"."session_token" = $1 LIMIT $2[0m  [["session_token", "BvjNX1rMbJRLDIogs-_FWg"], ["LIMIT", 1]]
  ↳ app/controllers/application_controller.rb:8
  [1m[36mSub Load (0.8ms)[0m  [1m[34mSELECT  "subs".* FROM "subs" WHERE "subs"."id" = $1 LIMIT $2[0m  [["id", 1], ["LIMIT", 1]]
  ↳ app/controllers/subs_controller.rb:21
  Rendering subs/show.html.erb within layouts/application
  [1m[36mPost Load (1.0ms)[0m  [1m[34mSELECT "posts".* FROM "posts" WHERE "posts"."sub_id" = $1[0m  [["sub_id", 1]]
  ↳ app/views/subs/show.html.erb:1
  Rendered subs/show.html.erb within layouts/application (4.7ms)
Completed 200 OK in 47ms (Views: 27.6ms | ActiveRecord: 13.5ms)


Started GET "/subs" for 127.0.0.1 at 2018-10-23 16:44:09 -0400
Processing by SubsController#index as HTML
  [1m[36mUser Load (0.5ms)[0m  [1m[34mSELECT  "users".* FROM "users" WHERE "users"."session_token" = $1 LIMIT $2[0m  [["session_token", "BvjNX1rMbJRLDIogs-_FWg"], ["LIMIT", 1]]
  ↳ app/controllers/application_controller.rb:8
  Rendering subs/index.html.erb within layouts/application
  [1m[36mSub Load (0.5ms)[0m  [1m[34mSELECT "subs".* FROM "subs"[0m
  ↳ app/views/subs/index.html.erb:3
  Rendered subs/index.html.erb within layouts/application (217.0ms)
Completed 500 Internal Server Error in 228ms (ActiveRecord: 1.0ms)



NoMethodError - undefined method `edit_sub' for #<#<Class:0x00007ff07c87d0d8>:0x00007ff07a05fd80>
Did you mean?  edit_sub_url:
  app/views/subs/index.html.erb:11:in `block in _app_views_subs_index_html_erb__4605323949776669588_70335408060420'
  app/views/subs/index.html.erb:3:in `_app_views_subs_index_html_erb__4605323949776669588_70335408060420'

Started POST "/__better_errors/35db4607d97b074c/variables" for 127.0.0.1 at 2018-10-23 16:44:09 -0400
Started GET "/subs" for 127.0.0.1 at 2018-10-23 16:44:18 -0400
Processing by SubsController#index as HTML
  [1m[36mUser Load (1.0ms)[0m  [1m[34mSELECT  "users".* FROM "users" WHERE "users"."session_token" = $1 LIMIT $2[0m  [["session_token", "BvjNX1rMbJRLDIogs-_FWg"], ["LIMIT", 1]]
  ↳ app/controllers/application_controller.rb:8
  Rendering subs/index.html.erb within layouts/application
  [1m[36mSub Load (0.6ms)[0m  [1m[34mSELECT "subs".* FROM "subs"[0m
  ↳ app/views/subs/index.html.erb:3
  Rendered subs/index.html.erb within layouts/application (2.4ms)
Completed 200 OK in 40ms (Views: 34.3ms | ActiveRecord: 1.6ms)


Started GET "/subs" for 127.0.0.1 at 2018-10-23 16:44:18 -0400
Processing by SubsController#index as HTML
  [1m[36mUser Load (0.8ms)[0m  [1m[34mSELECT  "users".* FROM "users" WHERE "users"."session_token" = $1 LIMIT $2[0m  [["session_token", "BvjNX1rMbJRLDIogs-_FWg"], ["LIMIT", 1]]
  ↳ app/controllers/application_controller.rb:8
  Rendering subs/index.html.erb within layouts/application
  [1m[36mSub Load (19.3ms)[0m  [1m[34mSELECT "subs".* FROM "subs"[0m
  ↳ app/views/subs/index.html.erb:3
  Rendered subs/index.html.erb within layouts/application (22.5ms)
Completed 200 OK in 48ms (Views: 23.3ms | ActiveRecord: 20.1ms)


Started GET "/subs/1/edit?authenticity_token=XfhSpny1qCt1M45oDeclpe98jgGAtMNqoRYN3lMTwZMWBgDKecAV8y6qplXVXtRXAq0XoPQ6GLlcA2VmM2icsg%3D%3D" for 127.0.0.1 at 2018-10-23 16:44:20 -0400
Processing by SubsController#edit as HTML
  Parameters: {"authenticity_token"=>"XfhSpny1qCt1M45oDeclpe98jgGAtMNqoRYN3lMTwZMWBgDKecAV8y6qplXVXtRXAq0XoPQ6GLlcA2VmM2icsg==", "id"=>"1"}
  [1m[36mUser Load (0.5ms)[0m  [1m[34mSELECT  "users".* FROM "users" WHERE "users"."session_token" = $1 LIMIT $2[0m  [["session_token", "BvjNX1rMbJRLDIogs-_FWg"], ["LIMIT", 1]]
  ↳ app/controllers/application_controller.rb:8
  [1m[36mSub Load (0.4ms)[0m  [1m[34mSELECT  "subs".* FROM "subs" WHERE "subs"."id" = $1 LIMIT $2[0m  [["id", 1], ["LIMIT", 1]]
  ↳ app/controllers/subs_controller.rb:31
  Rendering subs/edit.html.erb within layouts/application
  Rendered subs/edit.html.erb within layouts/application (1.1ms)
Completed 200 OK in 46ms (Views: 22.9ms | ActiveRecord: 0.9ms)


Started GET "/subs" for 127.0.0.1 at 2018-10-23 16:53:05 -0400
Processing by SubsController#index as HTML
  [1m[36mUser Load (1.6ms)[0m  [1m[34mSELECT  "users".* FROM "users" WHERE "users"."session_token" = $1 LIMIT $2[0m  [["session_token", "BvjNX1rMbJRLDIogs-_FWg"], ["LIMIT", 1]]
  ↳ app/controllers/application_controller.rb:8
  Rendering subs/index.html.erb within layouts/application
  Rendered subs/index.html.erb within layouts/application (5.9ms)
Completed 500 Internal Server Error in 86ms (ActiveRecord: 17.1ms)



NoMethodError - undefined method `each' for nil:NilClass:
  app/views/subs/index.html.erb:2:in `_app_views_subs_index_html_erb__4605323949776669588_70335389261640'

Started POST "/__better_errors/0643edc408f61a09/variables" for 127.0.0.1 at 2018-10-23 16:53:05 -0400
  [1m[36mSub Load (1.9ms)[0m  [1m[34mSELECT  "subs".* FROM "subs" WHERE "subs"."user_id" != $1 LIMIT $2[0m  [["user_id", 2], ["LIMIT", 11]]
  ↳ /usr/local/var/rbenv/versions/2.5.1/lib/ruby/gems/2.5.0/gems/activerecord-5.2.1/lib/active_record/log_subscriber.rb:98
  [1m[36mSub Load (0.6ms)[0m  [1m[34mSELECT  "subs".* FROM "subs" WHERE "subs"."user_id" = $1 LIMIT $2[0m  [["user_id", 2], ["LIMIT", 11]]
  ↳ /usr/local/var/rbenv/versions/2.5.1/lib/ruby/gems/2.5.0/gems/activerecord-5.2.1/lib/active_record/log_subscriber.rb:98
  [1m[36mCACHE Sub Load (0.0ms)[0m  [1m[34mSELECT  "subs".* FROM "subs" WHERE "subs"."user_id" != $1 LIMIT $2[0m  [["user_id", 2], ["LIMIT", 11]]
  ↳ /usr/local/var/rbenv/versions/2.5.1/lib/ruby/gems/2.5.0/gems/activerecord-5.2.1/lib/active_record/log_subscriber.rb:98
  [1m[36mCACHE Sub Load (0.0ms)[0m  [1m[34mSELECT  "subs".* FROM "subs" WHERE "subs"."user_id" = $1 LIMIT $2[0m  [["user_id", 2], ["LIMIT", 11]]
  ↳ /usr/local/var/rbenv/versions/2.5.1/lib/ruby/gems/2.5.0/gems/activerecord-5.2.1/lib/active_record/log_subscriber.rb:98
  [1m[36mCACHE Sub Load (0.0ms)[0m  [1m[34mSELECT  "subs".* FROM "subs" WHERE "subs"."user_id" != $1 LIMIT $2[0m  [["user_id", 2], ["LIMIT", 11]]
  ↳ /usr/local/var/rbenv/versions/2.5.1/lib/ruby/gems/2.5.0/gems/activerecord-5.2.1/lib/active_record/log_subscriber.rb:98
  [1m[36mCACHE Sub Load (0.0ms)[0m  [1m[34mSELECT  "subs".* FROM "subs" WHERE "subs"."user_id" = $1 LIMIT $2[0m  [["user_id", 2], ["LIMIT", 11]]
  ↳ /usr/local/var/rbenv/versions/2.5.1/lib/ruby/gems/2.5.0/gems/activerecord-5.2.1/lib/active_record/log_subscriber.rb:98
  [1m[36mCACHE Sub Load (0.0ms)[0m  [1m[34mSELECT  "subs".* FROM "subs" WHERE "subs"."user_id" != $1 LIMIT $2[0m  [["user_id", 2], ["LIMIT", 11]]
  ↳ /usr/local/var/rbenv/versions/2.5.1/lib/ruby/gems/2.5.0/gems/activerecord-5.2.1/lib/active_record/log_subscriber.rb:98
  [1m[36mCACHE Sub Load (0.0ms)[0m  [1m[34mSELECT  "subs".* FROM "subs" WHERE "subs"."user_id" = $1 LIMIT $2[0m  [["user_id", 2], ["LIMIT", 11]]
  ↳ /usr/local/var/rbenv/versions/2.5.1/lib/ruby/gems/2.5.0/gems/activerecord-5.2.1/lib/active_record/log_subscriber.rb:98
  [1m[36mCACHE Sub Load (0.0ms)[0m  [1m[34mSELECT  "subs".* FROM "subs" WHERE "subs"."user_id" != $1 LIMIT $2[0m  [["user_id", 2], ["LIMIT", 11]]
  ↳ /usr/local/var/rbenv/versions/2.5.1/lib/ruby/gems/2.5.0/gems/activerecord-5.2.1/lib/active_record/log_subscriber.rb:98
  [1m[36mCACHE Sub Load (0.0ms)[0m  [1m[34mSELECT  "subs".* FROM "subs" WHERE "subs"."user_id" = $1 LIMIT $2[0m  [["user_id", 2], ["LIMIT", 11]]
  ↳ /usr/local/var/rbenv/versions/2.5.1/lib/ruby/gems/2.5.0/gems/activerecord-5.2.1/lib/active_record/log_subscriber.rb:98
Started GET "/subs/1" for 127.0.0.1 at 2018-10-23 16:53:51 -0400
Processing by SubsController#show as HTML
  Parameters: {"id"=>"1"}
  [1m[36mUser Load (0.6ms)[0m  [1m[34mSELECT  "users".* FROM "users" WHERE "users"."session_token" = $1 LIMIT $2[0m  [["session_token", "BvjNX1rMbJRLDIogs-_FWg"], ["LIMIT", 1]]
  ↳ app/controllers/application_controller.rb:8
  [1m[36mSub Load (0.4ms)[0m  [1m[34mSELECT  "subs".* FROM "subs" WHERE "subs"."id" = $1 LIMIT $2[0m  [["id", 1], ["LIMIT", 1]]
  ↳ app/controllers/subs_controller.rb:21
  Rendering subs/show.html.erb within layouts/application
  [1m[36mPost Load (1.0ms)[0m  [1m[34mSELECT "posts".* FROM "posts" WHERE "posts"."sub_id" = $1[0m  [["sub_id", 1]]
  ↳ app/views/subs/show.html.erb:1
  Rendered subs/show.html.erb within layouts/application (17.0ms)
Completed 200 OK in 201ms (Views: 97.9ms | ActiveRecord: 22.7ms)


Started GET "/subs/1" for 127.0.0.1 at 2018-10-23 16:53:53 -0400
Processing by SubsController#show as HTML
  Parameters: {"id"=>"1"}
  [1m[36mUser Load (0.7ms)[0m  [1m[34mSELECT  "users".* FROM "users" WHERE "users"."session_token" = $1 LIMIT $2[0m  [["session_token", "BvjNX1rMbJRLDIogs-_FWg"], ["LIMIT", 1]]
  ↳ app/controllers/application_controller.rb:8
  [1m[36mSub Load (0.9ms)[0m  [1m[34mSELECT  "subs".* FROM "subs" WHERE "subs"."id" = $1 LIMIT $2[0m  [["id", 1], ["LIMIT", 1]]
  ↳ app/controllers/subs_controller.rb:21
  Rendering subs/show.html.erb within layouts/application
  [1m[36mPost Load (0.7ms)[0m  [1m[34mSELECT "posts".* FROM "posts" WHERE "posts"."sub_id" = $1[0m  [["sub_id", 1]]
  ↳ app/views/subs/show.html.erb:1
  Rendered subs/show.html.erb within layouts/application (3.1ms)
Completed 200 OK in 35ms (Views: 28.4ms | ActiveRecord: 2.3ms)


Started GET "/subs/1" for 127.0.0.1 at 2018-10-23 16:53:54 -0400
Processing by SubsController#show as HTML
  Parameters: {"id"=>"1"}
  [1m[36mUser Load (0.6ms)[0m  [1m[34mSELECT  "users".* FROM "users" WHERE "users"."session_token" = $1 LIMIT $2[0m  [["session_token", "BvjNX1rMbJRLDIogs-_FWg"], ["LIMIT", 1]]
  ↳ app/controllers/application_controller.rb:8
  [1m[36mSub Load (0.5ms)[0m  [1m[34mSELECT  "subs".* FROM "subs" WHERE "subs"."id" = $1 LIMIT $2[0m  [["id", 1], ["LIMIT", 1]]
  ↳ app/controllers/subs_controller.rb:21
  Rendering subs/show.html.erb within layouts/application
  [1m[36mPost Load (0.7ms)[0m  [1m[34mSELECT "posts".* FROM "posts" WHERE "posts"."sub_id" = $1[0m  [["sub_id", 1]]
  ↳ app/views/subs/show.html.erb:1
  Rendered subs/show.html.erb within layouts/application (4.0ms)
Completed 200 OK in 34ms (Views: 29.5ms | ActiveRecord: 1.7ms)


Started GET "/subs/1" for 127.0.0.1 at 2018-10-23 16:53:54 -0400
Processing by SubsController#show as HTML
  Parameters: {"id"=>"1"}
  [1m[36mUser Load (0.5ms)[0m  [1m[34mSELECT  "users".* FROM "users" WHERE "users"."session_token" = $1 LIMIT $2[0m  [["session_token", "BvjNX1rMbJRLDIogs-_FWg"], ["LIMIT", 1]]
  ↳ app/controllers/application_controller.rb:8
  [1m[36mSub Load (0.6ms)[0m  [1m[34mSELECT  "subs".* FROM "subs" WHERE "subs"."id" = $1 LIMIT $2[0m  [["id", 1], ["LIMIT", 1]]
  ↳ app/controllers/subs_controller.rb:21
  Rendering subs/show.html.erb within layouts/application
  [1m[36mPost Load (0.9ms)[0m  [1m[34mSELECT "posts".* FROM "posts" WHERE "posts"."sub_id" = $1[0m  [["sub_id", 1]]
  ↳ app/views/subs/show.html.erb:1
  Rendered subs/show.html.erb within layouts/application (4.1ms)
Completed 200 OK in 37ms (Views: 31.8ms | ActiveRecord: 2.0ms)


Started GET "/subs/1" for 127.0.0.1 at 2018-10-23 16:53:55 -0400
Processing by SubsController#show as HTML
  Parameters: {"id"=>"1"}
  [1m[36mUser Load (1.0ms)[0m  [1m[34mSELECT  "users".* FROM "users" WHERE "users"."session_token" = $1 LIMIT $2[0m  [["session_token", "BvjNX1rMbJRLDIogs-_FWg"], ["LIMIT", 1]]
  ↳ app/controllers/application_controller.rb:8
  [1m[36mSub Load (0.9ms)[0m  [1m[34mSELECT  "subs".* FROM "subs" WHERE "subs"."id" = $1 LIMIT $2[0m  [["id", 1], ["LIMIT", 1]]
  ↳ app/controllers/subs_controller.rb:21
  Rendering subs/show.html.erb within layouts/application
  [1m[36mPost Load (1.4ms)[0m  [1m[34mSELECT "posts".* FROM "posts" WHERE "posts"."sub_id" = $1[0m  [["sub_id", 1]]
  ↳ app/views/subs/show.html.erb:1
  Rendered subs/show.html.erb within layouts/application (4.2ms)
Completed 200 OK in 51ms (Views: 44.6ms | ActiveRecord: 3.4ms)


Started GET "/subs/1" for 127.0.0.1 at 2018-10-23 16:53:55 -0400
Processing by SubsController#show as HTML
  Parameters: {"id"=>"1"}
  [1m[36mUser Load (0.4ms)[0m  [1m[34mSELECT  "users".* FROM "users" WHERE "users"."session_token" = $1 LIMIT $2[0m  [["session_token", "BvjNX1rMbJRLDIogs-_FWg"], ["LIMIT", 1]]
  ↳ app/controllers/application_controller.rb:8
  [1m[36mSub Load (0.6ms)[0m  [1m[34mSELECT  "subs".* FROM "subs" WHERE "subs"."id" = $1 LIMIT $2[0m  [["id", 1], ["LIMIT", 1]]
  ↳ app/controllers/subs_controller.rb:21
  Rendering subs/show.html.erb within layouts/application
  [1m[36mPost Load (0.7ms)[0m  [1m[34mSELECT "posts".* FROM "posts" WHERE "posts"."sub_id" = $1[0m  [["sub_id", 1]]
  ↳ app/views/subs/show.html.erb:1
  Rendered subs/show.html.erb within layouts/application (3.3ms)
Completed 200 OK in 35ms (Views: 30.1ms | ActiveRecord: 1.6ms)


Started GET "/subs/1" for 127.0.0.1 at 2018-10-23 16:53:55 -0400
Processing by SubsController#show as HTML
  Parameters: {"id"=>"1"}
  [1m[36mUser Load (0.5ms)[0m  [1m[34mSELECT  "users".* FROM "users" WHERE "users"."session_token" = $1 LIMIT $2[0m  [["session_token", "BvjNX1rMbJRLDIogs-_FWg"], ["LIMIT", 1]]
  ↳ app/controllers/application_controller.rb:8
  [1m[36mSub Load (0.5ms)[0m  [1m[34mSELECT  "subs".* FROM "subs" WHERE "subs"."id" = $1 LIMIT $2[0m  [["id", 1], ["LIMIT", 1]]
  ↳ app/controllers/subs_controller.rb:21
  Rendering subs/show.html.erb within layouts/application
  [1m[36mPost Load (0.9ms)[0m  [1m[34mSELECT "posts".* FROM "posts" WHERE "posts"."sub_id" = $1[0m  [["sub_id", 1]]
  ↳ app/views/subs/show.html.erb:1
  Rendered subs/show.html.erb within layouts/application (3.2ms)
Completed 200 OK in 31ms (Views: 25.1ms | ActiveRecord: 1.9ms)


Started GET "/subs/1" for 127.0.0.1 at 2018-10-23 16:53:55 -0400
Processing by SubsController#show as HTML
  Parameters: {"id"=>"1"}
  [1m[36mUser Load (0.5ms)[0m  [1m[34mSELECT  "users".* FROM "users" WHERE "users"."session_token" = $1 LIMIT $2[0m  [["session_token", "BvjNX1rMbJRLDIogs-_FWg"], ["LIMIT", 1]]
  ↳ app/controllers/application_controller.rb:8
  [1m[36mSub Load (0.5ms)[0m  [1m[34mSELECT  "subs".* FROM "subs" WHERE "subs"."id" = $1 LIMIT $2[0m  [["id", 1], ["LIMIT", 1]]
  ↳ app/controllers/subs_controller.rb:21
  Rendering subs/show.html.erb within layouts/application
  [1m[36mPost Load (0.9ms)[0m  [1m[34mSELECT "posts".* FROM "posts" WHERE "posts"."sub_id" = $1[0m  [["sub_id", 1]]
  ↳ app/views/subs/show.html.erb:1
  Rendered subs/show.html.erb within layouts/application (4.0ms)
Completed 200 OK in 30ms (Views: 24.5ms | ActiveRecord: 1.9ms)


Started GET "/subs/1" for 127.0.0.1 at 2018-10-23 16:53:56 -0400
Processing by SubsController#show as HTML
  Parameters: {"id"=>"1"}
  [1m[36mUser Load (0.4ms)[0m  [1m[34mSELECT  "users".* FROM "users" WHERE "users"."session_token" = $1 LIMIT $2[0m  [["session_token", "BvjNX1rMbJRLDIogs-_FWg"], ["LIMIT", 1]]
  ↳ app/controllers/application_controller.rb:8
  [1m[36mSub Load (0.3ms)[0m  [1m[34mSELECT  "subs".* FROM "subs" WHERE "subs"."id" = $1 LIMIT $2[0m  [["id", 1], ["LIMIT", 1]]
  ↳ app/controllers/subs_controller.rb:21
  Rendering subs/show.html.erb within layouts/application
  [1m[36mPost Load (0.9ms)[0m  [1m[34mSELECT "posts".* FROM "posts" WHERE "posts"."sub_id" = $1[0m  [["sub_id", 1]]
  ↳ app/views/subs/show.html.erb:1
  Rendered subs/show.html.erb within layouts/application (3.9ms)
Completed 200 OK in 33ms (Views: 28.4ms | ActiveRecord: 1.6ms)


Started GET "/subs/1" for 127.0.0.1 at 2018-10-23 16:53:57 -0400
Processing by SubsController#show as HTML
  Parameters: {"id"=>"1"}
  [1m[36mUser Load (0.4ms)[0m  [1m[34mSELECT  "users".* FROM "users" WHERE "users"."session_token" = $1 LIMIT $2[0m  [["session_token", "BvjNX1rMbJRLDIogs-_FWg"], ["LIMIT", 1]]
  ↳ app/controllers/application_controller.rb:8
  [1m[36mSub Load (0.3ms)[0m  [1m[34mSELECT  "subs".* FROM "subs" WHERE "subs"."id" = $1 LIMIT $2[0m  [["id", 1], ["LIMIT", 1]]
  ↳ app/controllers/subs_controller.rb:21
  Rendering subs/show.html.erb within layouts/application
  [1m[36mPost Load (0.7ms)[0m  [1m[34mSELECT "posts".* FROM "posts" WHERE "posts"."sub_id" = $1[0m  [["sub_id", 1]]
  ↳ app/views/subs/show.html.erb:1
  Rendered subs/show.html.erb within layouts/application (3.2ms)
Completed 200 OK in 34ms (Views: 29.7ms | ActiveRecord: 1.4ms)


Started GET "/subs/" for 127.0.0.1 at 2018-10-23 16:54:02 -0400
Processing by SubsController#index as HTML
  [1m[36mUser Load (0.5ms)[0m  [1m[34mSELECT  "users".* FROM "users" WHERE "users"."session_token" = $1 LIMIT $2[0m  [["session_token", "BvjNX1rMbJRLDIogs-_FWg"], ["LIMIT", 1]]
  ↳ app/controllers/application_controller.rb:8
  Rendering subs/index.html.erb within layouts/application
  [1m[36mSub Load (0.7ms)[0m  [1m[34mSELECT "subs".* FROM "subs" WHERE "subs"."user_id" = $1[0m  [["user_id", 2]]
  ↳ app/views/subs/index.html.erb:2
  Rendered subs/index.html.erb within layouts/application (2.5ms)
Completed 200 OK in 36ms (Views: 28.5ms | ActiveRecord: 1.1ms)


Started GET "/subs/" for 127.0.0.1 at 2018-10-23 16:54:04 -0400
Processing by SubsController#index as HTML
  [1m[36mUser Load (0.6ms)[0m  [1m[34mSELECT  "users".* FROM "users" WHERE "users"."session_token" = $1 LIMIT $2[0m  [["session_token", "BvjNX1rMbJRLDIogs-_FWg"], ["LIMIT", 1]]
  ↳ app/controllers/application_controller.rb:8
  Rendering subs/index.html.erb within layouts/application
  [1m[36mSub Load (0.6ms)[0m  [1m[34mSELECT "subs".* FROM "subs" WHERE "subs"."user_id" = $1[0m  [["user_id", 2]]
  ↳ app/views/subs/index.html.erb:2
  Rendered subs/index.html.erb within layouts/application (2.6ms)
Completed 200 OK in 34ms (Views: 27.7ms | ActiveRecord: 1.2ms)


Started GET "/subs/" for 127.0.0.1 at 2018-10-23 16:54:37 -0400
Processing by SubsController#index as HTML
  [1m[36mUser Load (0.6ms)[0m  [1m[34mSELECT  "users".* FROM "users" WHERE "users"."session_token" = $1 LIMIT $2[0m  [["session_token", "BvjNX1rMbJRLDIogs-_FWg"], ["LIMIT", 1]]
  ↳ app/controllers/application_controller.rb:8
  Rendering subs/index.html.erb within layouts/application
  [1m[36mSub Load (0.5ms)[0m  [1m[34mSELECT "subs".* FROM "subs" WHERE "subs"."user_id" = $1[0m  [["user_id", 2]]
  ↳ app/views/subs/index.html.erb:2
  [1m[36mSub Load (0.4ms)[0m  [1m[34mSELECT "subs".* FROM "subs" WHERE "subs"."user_id" != $1[0m  [["user_id", 2]]
  ↳ app/views/subs/index.html.erb:17
  Rendered subs/index.html.erb within layouts/application (3.6ms)
Completed 200 OK in 62ms (Views: 56.2ms | ActiveRecord: 1.5ms)


Started GET "/subs/1" for 127.0.0.1 at 2018-10-23 16:54:41 -0400
Processing by SubsController#show as HTML
  Parameters: {"id"=>"1"}
  [1m[36mUser Load (0.4ms)[0m  [1m[34mSELECT  "users".* FROM "users" WHERE "users"."session_token" = $1 LIMIT $2[0m  [["session_token", "BvjNX1rMbJRLDIogs-_FWg"], ["LIMIT", 1]]
  ↳ app/controllers/application_controller.rb:8
  [1m[36mSub Load (5.3ms)[0m  [1m[34mSELECT  "subs".* FROM "subs" WHERE "subs"."id" = $1 LIMIT $2[0m  [["id", 1], ["LIMIT", 1]]
  ↳ app/controllers/subs_controller.rb:21
  Rendering subs/show.html.erb within layouts/application
  [1m[36mPost Load (0.7ms)[0m  [1m[34mSELECT "posts".* FROM "posts" WHERE "posts"."sub_id" = $1[0m  [["sub_id", 1]]
  ↳ app/views/subs/show.html.erb:1
  Rendered subs/show.html.erb within layouts/application (3.8ms)
Completed 200 OK in 45ms (Views: 32.9ms | ActiveRecord: 6.4ms)


Started GET "/subs/" for 127.0.0.1 at 2018-10-23 16:57:04 -0400
Processing by SubsController#index as HTML
  [1m[36mUser Load (0.3ms)[0m  [1m[34mSELECT  "users".* FROM "users" WHERE "users"."session_token" = $1 LIMIT $2[0m  [["session_token", "BvjNX1rMbJRLDIogs-_FWg"], ["LIMIT", 1]]
  ↳ app/controllers/application_controller.rb:8
  Rendering subs/index.html.erb within layouts/application
  [1m[36mSub Load (0.7ms)[0m  [1m[34mSELECT "subs".* FROM "subs" WHERE "subs"."user_id" = $1[0m  [["user_id", 2]]
  ↳ app/views/subs/index.html.erb:4
  [1m[36mSub Load (0.4ms)[0m  [1m[34mSELECT "subs".* FROM "subs" WHERE "subs"."user_id" != $1[0m  [["user_id", 2]]
  ↳ app/views/subs/index.html.erb:19
  Rendered subs/index.html.erb within layouts/application (4.0ms)
Completed 200 OK in 118ms (Views: 112.9ms | ActiveRecord: 1.4ms)


Started GET "/subs/" for 127.0.0.1 at 2018-10-23 16:57:16 -0400
Processing by SubsController#index as HTML
  [1m[36mUser Load (0.3ms)[0m  [1m[34mSELECT  "users".* FROM "users" WHERE "users"."session_token" = $1 LIMIT $2[0m  [["session_token", "BvjNX1rMbJRLDIogs-_FWg"], ["LIMIT", 1]]
  ↳ app/controllers/application_controller.rb:8
  Rendering subs/index.html.erb within layouts/application
  [1m[36mSub Load (0.5ms)[0m  [1m[34mSELECT "subs".* FROM "subs" WHERE "subs"."user_id" = $1[0m  [["user_id", 2]]
  ↳ app/views/subs/index.html.erb:6
  [1m[36mSub Load (1.1ms)[0m  [1m[34mSELECT "subs".* FROM "subs" WHERE "subs"."user_id" != $1[0m  [["user_id", 2]]
  ↳ app/views/subs/index.html.erb:21
  Rendered subs/index.html.erb within layouts/application (4.6ms)
Completed 200 OK in 69ms (Views: 64.1ms | ActiveRecord: 1.9ms)


Started GET "/subs/new" for 127.0.0.1 at 2018-10-23 16:57:20 -0400
Processing by SubsController#new as HTML
  [1m[36mUser Load (0.3ms)[0m  [1m[34mSELECT  "users".* FROM "users" WHERE "users"."session_token" = $1 LIMIT $2[0m  [["session_token", "BvjNX1rMbJRLDIogs-_FWg"], ["LIMIT", 1]]
  ↳ app/controllers/application_controller.rb:8
  Rendering subs/new.html.erb within layouts/application
  Rendered subs/new.html.erb within layouts/application (0.7ms)
Completed 200 OK in 28ms (Views: 18.2ms | ActiveRecord: 0.3ms)


Started POST "/subs" for 127.0.0.1 at 2018-10-23 16:58:26 -0400
Processing by SubsController#create as HTML
  Parameters: {"authenticity_token"=>"US0sdJjFaXCAq+qoImSj7ipp0+clMMbeO+tAVv7uuGca034YnbDUqNsywpX63VIcx7hKRlG+HQ3G/ijunpXlRg==", "sub"=>{"title"=>"Taking queen to the ball", "Description"=>"And you can't do anything about it, Obiwan"}}
  [1m[36mUser Load (0.6ms)[0m  [1m[34mSELECT  "users".* FROM "users" WHERE "users"."session_token" = $1 LIMIT $2[0m  [["session_token", "BvjNX1rMbJRLDIogs-_FWg"], ["LIMIT", 1]]
  ↳ app/controllers/application_controller.rb:8
Unpermitted parameter: :Description
  [1m[35m (0.7ms)[0m  [1m[35mBEGIN[0m
  ↳ app/controllers/subs_controller.rb:12
  [1m[35m (0.3ms)[0m  [1m[31mROLLBACK[0m
  ↳ app/controllers/subs_controller.rb:12
  Rendering subs/new.html.erb within layouts/application
  Rendered subs/new.html.erb within layouts/application (1.0ms)
Completed 200 OK in 210ms (Views: 31.3ms | ActiveRecord: 1.5ms)


Started POST "/subs" for 127.0.0.1 at 2018-10-23 16:59:41 -0400
Processing by SubsController#create as HTML
  Parameters: {"authenticity_token"=>"W1Dn2PIKxk1IGEvBvZeHoShE9mXixdna4GscSiA5Q6sQrrW09397lROBY/xlLnZTxZVvxJZLAgkdfnTyQEIeig==", "sub"=>{"title"=>"Taking queen to the ball", "Description"=>"And you can't do anything about it, Obiwan"}}
  [1m[36mUser Load (0.5ms)[0m  [1m[34mSELECT  "users".* FROM "users" WHERE "users"."session_token" = $1 LIMIT $2[0m  [["session_token", "BvjNX1rMbJRLDIogs-_FWg"], ["LIMIT", 1]]
  ↳ app/controllers/application_controller.rb:8
Unpermitted parameter: :Description
  [1m[35m (0.2ms)[0m  [1m[35mBEGIN[0m
  ↳ app/controllers/subs_controller.rb:12
  [1m[35m (0.2ms)[0m  [1m[31mROLLBACK[0m
  ↳ app/controllers/subs_controller.rb:12
  Rendering subs/new.html.erb within layouts/application
  Rendered subs/new.html.erb within layouts/application (3.3ms)
Completed 500 Internal Server Error in 21ms (ActiveRecord: 0.9ms)



ActionController::UrlGenerationError - No route matches {:action=>"show", :controller=>"subs", :id=>nil}, missing required keys: [:id]:
  app/views/subs/new.html.erb:3:in `_app_views_subs_new_html_erb___2865489600783039340_70335389122220'
  app/controllers/subs_controller.rb:16:in `create'

Started POST "/__better_errors/d74122e8f72e96ae/variables" for 127.0.0.1 at 2018-10-23 16:59:41 -0400
Started POST "/subs" for 127.0.0.1 at 2018-10-23 17:00:42 -0400
Processing by SubsController#create as HTML
  Parameters: {"authenticity_token"=>"W1Dn2PIKxk1IGEvBvZeHoShE9mXixdna4GscSiA5Q6sQrrW09397lROBY/xlLnZTxZVvxJZLAgkdfnTyQEIeig==", "sub"=>{"title"=>"Taking queen to the ball", "Description"=>"And you can't do anything about it, Obiwan"}}
  [1m[36mUser Load (0.5ms)[0m  [1m[34mSELECT  "users".* FROM "users" WHERE "users"."session_token" = $1 LIMIT $2[0m  [["session_token", "BvjNX1rMbJRLDIogs-_FWg"], ["LIMIT", 1]]
  ↳ app/controllers/application_controller.rb:8
Unpermitted parameter: :Description
  [1m[35m (0.2ms)[0m  [1m[35mBEGIN[0m
  ↳ app/controllers/subs_controller.rb:12
  [1m[35m (0.3ms)[0m  [1m[31mROLLBACK[0m
  ↳ app/controllers/subs_controller.rb:12
  Rendering subs/new.html.erb within layouts/application
  Rendered subs/new.html.erb within layouts/application (0.7ms)
Completed 200 OK in 89ms (Views: 81.6ms | ActiveRecord: 1.0ms)


Started POST "/subs" for 127.0.0.1 at 2018-10-23 17:03:43 -0400
Processing by SubsController#create as HTML
  Parameters: {"authenticity_token"=>"KRYQMYtAp2a5GENI956lrnEOtOBiCpCpONUsYKPwMpVi6EJdjjUavuKBa3UvJ1RcnN8tQRaES3rFwETYw4tvtA==", "sub"=>{"title"=>"I'm taking the queen to the ball", "Description"=>"and you can't do nothin bout it obiwan"}}
  [1m[36mUser Load (0.5ms)[0m  [1m[34mSELECT  "users".* FROM "users" WHERE "users"."session_token" = $1 LIMIT $2[0m  [["session_token", "BvjNX1rMbJRLDIogs-_FWg"], ["LIMIT", 1]]
  ↳ app/controllers/application_controller.rb:8
Unpermitted parameter: :Description
  [1m[35m (0.4ms)[0m  [1m[35mBEGIN[0m
  ↳ app/controllers/subs_controller.rb:12
  [1m[35m (0.5ms)[0m  [1m[31mROLLBACK[0m
  ↳ app/controllers/subs_controller.rb:12
  Rendering subs/new.html.erb within layouts/application
  Rendered subs/new.html.erb within layouts/application (1.4ms)
Completed 200 OK in 38ms (Views: 27.6ms | ActiveRecord: 1.4ms)


Started GET "/subs" for 127.0.0.1 at 2018-10-23 17:03:47 -0400
Processing by SubsController#index as HTML
  [1m[36mUser Load (0.3ms)[0m  [1m[34mSELECT  "users".* FROM "users" WHERE "users"."session_token" = $1 LIMIT $2[0m  [["session_token", "BvjNX1rMbJRLDIogs-_FWg"], ["LIMIT", 1]]
  ↳ app/controllers/application_controller.rb:8
  Rendering subs/index.html.erb within layouts/application
  [1m[36mSub Load (0.6ms)[0m  [1m[34mSELECT "subs".* FROM "subs" WHERE "subs"."user_id" = $1[0m  [["user_id", 2]]
  ↳ app/views/subs/index.html.erb:6
  [1m[36mSub Load (0.5ms)[0m  [1m[34mSELECT "subs".* FROM "subs" WHERE "subs"."user_id" != $1[0m  [["user_id", 2]]
  ↳ app/views/subs/index.html.erb:21
  Rendered subs/index.html.erb within layouts/application (4.5ms)
Completed 200 OK in 39ms (Views: 33.5ms | ActiveRecord: 1.4ms)


Started GET "/subs/new" for 127.0.0.1 at 2018-10-23 17:03:50 -0400
Processing by SubsController#new as HTML
  [1m[36mUser Load (0.5ms)[0m  [1m[34mSELECT  "users".* FROM "users" WHERE "users"."session_token" = $1 LIMIT $2[0m  [["session_token", "BvjNX1rMbJRLDIogs-_FWg"], ["LIMIT", 1]]
  ↳ app/controllers/application_controller.rb:8
  Rendering subs/new.html.erb within layouts/application
  Rendered subs/new.html.erb within layouts/application (0.8ms)
Completed 200 OK in 38ms (Views: 31.6ms | ActiveRecord: 0.5ms)


Started POST "/subs" for 127.0.0.1 at 2018-10-23 17:03:54 -0400
Processing by SubsController#create as HTML
  Parameters: {"authenticity_token"=>"3jlCG1ELqT/GlS+Xro71ZgEXk1BZkCQ+oEd3GqwLdKWVxxB3VH4U550MB6p2NwSU7MYK8S0e/+1dUh+izHAphA==", "sub"=>{"title"=>"a;sldkjfad;slkfj", "description"=>"a;lsdkfja;dlskfj"}}
  [1m[36mUser Load (0.8ms)[0m  [1m[34mSELECT  "users".* FROM "users" WHERE "users"."session_token" = $1 LIMIT $2[0m  [["session_token", "BvjNX1rMbJRLDIogs-_FWg"], ["LIMIT", 1]]
  ↳ app/controllers/application_controller.rb:8
  [1m[35m (0.3ms)[0m  [1m[35mBEGIN[0m
  ↳ app/controllers/subs_controller.rb:12
  [1m[35m (0.3ms)[0m  [1m[31mROLLBACK[0m
  ↳ app/controllers/subs_controller.rb:12
  Rendering subs/new.html.erb within layouts/application
  Rendered subs/new.html.erb within layouts/application (1.0ms)
Completed 200 OK in 40ms (Views: 29.5ms | ActiveRecord: 1.3ms)


Started GET "/subs" for 127.0.0.1 at 2018-10-23 17:03:57 -0400
Processing by SubsController#index as HTML
  [1m[36mUser Load (7.8ms)[0m  [1m[34mSELECT  "users".* FROM "users" WHERE "users"."session_token" = $1 LIMIT $2[0m  [["session_token", "BvjNX1rMbJRLDIogs-_FWg"], ["LIMIT", 1]]
  ↳ app/controllers/application_controller.rb:8
  Rendering subs/index.html.erb within layouts/application
  [1m[36mSub Load (0.8ms)[0m  [1m[34mSELECT "subs".* FROM "subs" WHERE "subs"."user_id" = $1[0m  [["user_id", 2]]
  ↳ app/views/subs/index.html.erb:6
  [1m[36mSub Load (0.7ms)[0m  [1m[34mSELECT "subs".* FROM "subs" WHERE "subs"."user_id" != $1[0m  [["user_id", 2]]
  ↳ app/views/subs/index.html.erb:21
  Rendered subs/index.html.erb within layouts/application (6.1ms)
Completed 200 OK in 53ms (Views: 35.1ms | ActiveRecord: 9.3ms)


Started GET "/subs/new" for 127.0.0.1 at 2018-10-23 17:04:57 -0400
Processing by SubsController#new as HTML
  [1m[36mUser Load (0.4ms)[0m  [1m[34mSELECT  "users".* FROM "users" WHERE "users"."session_token" = $1 LIMIT $2[0m  [["session_token", "BvjNX1rMbJRLDIogs-_FWg"], ["LIMIT", 1]]
  ↳ app/controllers/application_controller.rb:8
  Rendering subs/new.html.erb within layouts/application
  Rendered subs/new.html.erb within layouts/application (1.2ms)
Completed 200 OK in 97ms (Views: 25.0ms | ActiveRecord: 17.3ms)


Started GET "/subs/new" for 127.0.0.1 at 2018-10-23 17:04:59 -0400
Processing by SubsController#new as HTML
  [1m[36mUser Load (0.4ms)[0m  [1m[34mSELECT  "users".* FROM "users" WHERE "users"."session_token" = $1 LIMIT $2[0m  [["session_token", "BvjNX1rMbJRLDIogs-_FWg"], ["LIMIT", 1]]
  ↳ app/controllers/application_controller.rb:8
  Rendering subs/new.html.erb within layouts/application
  Rendered subs/new.html.erb within layouts/application (1.2ms)
Completed 200 OK in 35ms (Views: 29.7ms | ActiveRecord: 0.4ms)


Started POST "/subs" for 127.0.0.1 at 2018-10-23 17:05:04 -0400
Processing by SubsController#create as HTML
  Parameters: {"authenticity_token"=>"5B5qplAWCTaMUvDa4DCjK5EuJUSN0DhbpGHo0Roz2Qqv4DjKVWO07tfL2Oc4iVLZfP+85fle44hZdIBpekiEKw==", "sub"=>{"title"=>"lak;dsjfdkfjjdkf", "description"=>"dslfkjasdkla;"}}
  [1m[36mUser Load (0.4ms)[0m  [1m[34mSELECT  "users".* FROM "users" WHERE "users"."session_token" = $1 LIMIT $2[0m  [["session_token", "BvjNX1rMbJRLDIogs-_FWg"], ["LIMIT", 1]]
  ↳ app/controllers/application_controller.rb:8
  [1m[35m (0.2ms)[0m  [1m[35mBEGIN[0m
  ↳ app/controllers/subs_controller.rb:12
  [1m[36mUser Load (0.7ms)[0m  [1m[34mSELECT  "users".* FROM "users" WHERE "users"."id" = $1 LIMIT $2[0m  [["id", 2], ["LIMIT", 1]]
  ↳ app/controllers/subs_controller.rb:12
  [1m[36mSub Create (61.2ms)[0m  [1m[32mINSERT INTO "subs" ("title", "description", "user_id", "created_at", "updated_at") VALUES ($1, $2, $3, $4, $5) RETURNING "id"[0m  [["title", "lak;dsjfdkfjjdkf"], ["description", "dslfkjasdkla;"], ["user_id", 2], ["created_at", "2018-10-23 21:05:04.069537"], ["updated_at", "2018-10-23 21:05:04.069537"]]
  ↳ app/controllers/subs_controller.rb:12
  [1m[35m (11.4ms)[0m  [1m[35mCOMMIT[0m
  ↳ app/controllers/subs_controller.rb:12
Redirected to http://localhost:3000/subs/2
Completed 302 Found in 87ms (ActiveRecord: 73.8ms)


Started GET "/subs/2" for 127.0.0.1 at 2018-10-23 17:05:04 -0400
Processing by SubsController#show as HTML
  Parameters: {"id"=>"2"}
  [1m[36mUser Load (0.3ms)[0m  [1m[34mSELECT  "users".* FROM "users" WHERE "users"."session_token" = $1 LIMIT $2[0m  [["session_token", "BvjNX1rMbJRLDIogs-_FWg"], ["LIMIT", 1]]
  ↳ app/controllers/application_controller.rb:8
  [1m[36mSub Load (0.3ms)[0m  [1m[34mSELECT  "subs".* FROM "subs" WHERE "subs"."id" = $1 LIMIT $2[0m  [["id", 2], ["LIMIT", 1]]
  ↳ app/controllers/subs_controller.rb:21
  Rendering subs/show.html.erb within layouts/application
  [1m[36mPost Load (0.6ms)[0m  [1m[34mSELECT "posts".* FROM "posts" WHERE "posts"."sub_id" = $1[0m  [["sub_id", 2]]
  ↳ app/views/subs/show.html.erb:1
  Rendered subs/show.html.erb within layouts/application (2.6ms)
Completed 200 OK in 42ms (Views: 21.3ms | ActiveRecord: 3.9ms)


Started GET "/subs/2" for 127.0.0.1 at 2018-10-23 17:08:42 -0400
Processing by SubsController#show as HTML
  Parameters: {"id"=>"2"}
  [1m[36mUser Load (0.4ms)[0m  [1m[34mSELECT  "users".* FROM "users" WHERE "users"."session_token" = $1 LIMIT $2[0m  [["session_token", "BvjNX1rMbJRLDIogs-_FWg"], ["LIMIT", 1]]
  ↳ app/controllers/application_controller.rb:8
  [1m[36mSub Load (1.2ms)[0m  [1m[34mSELECT  "subs".* FROM "subs" WHERE "subs"."id" = $1 LIMIT $2[0m  [["id", 2], ["LIMIT", 1]]
  ↳ app/controllers/subs_controller.rb:21
  Rendering subs/show.html.erb within layouts/application
  [1m[36mPost Load (0.6ms)[0m  [1m[34mSELECT "posts".* FROM "posts" WHERE "posts"."sub_id" = $1[0m  [["sub_id", 2]]
  ↳ app/views/subs/show.html.erb:11
  Rendered subs/show.html.erb within layouts/application (2.2ms)
Completed 200 OK in 92ms (Views: 86.0ms | ActiveRecord: 2.2ms)


Started GET "/subs/2" for 127.0.0.1 at 2018-10-23 17:09:12 -0400
Processing by SubsController#show as HTML
  Parameters: {"id"=>"2"}
  [1m[36mUser Load (0.5ms)[0m  [1m[34mSELECT  "users".* FROM "users" WHERE "users"."session_token" = $1 LIMIT $2[0m  [["session_token", "BvjNX1rMbJRLDIogs-_FWg"], ["LIMIT", 1]]
  ↳ app/controllers/application_controller.rb:8
  [1m[36mSub Load (0.4ms)[0m  [1m[34mSELECT  "subs".* FROM "subs" WHERE "subs"."id" = $1 LIMIT $2[0m  [["id", 2], ["LIMIT", 1]]
  ↳ app/controllers/subs_controller.rb:21
  Rendering subs/show.html.erb within layouts/application
  [1m[36mPost Load (0.6ms)[0m  [1m[34mSELECT "posts".* FROM "posts" WHERE "posts"."sub_id" = $1[0m  [["sub_id", 2]]
  ↳ app/views/subs/show.html.erb:11
  Rendered subs/show.html.erb within layouts/application (3.5ms)
Completed 200 OK in 44ms (Views: 38.7ms | ActiveRecord: 1.6ms)


Started GET "/subs/2" for 127.0.0.1 at 2018-10-23 17:09:13 -0400
Processing by SubsController#show as HTML
  Parameters: {"id"=>"2"}
  [1m[36mUser Load (0.4ms)[0m  [1m[34mSELECT  "users".* FROM "users" WHERE "users"."session_token" = $1 LIMIT $2[0m  [["session_token", "BvjNX1rMbJRLDIogs-_FWg"], ["LIMIT", 1]]
  ↳ app/controllers/application_controller.rb:8
  [1m[36mSub Load (0.4ms)[0m  [1m[34mSELECT  "subs".* FROM "subs" WHERE "subs"."id" = $1 LIMIT $2[0m  [["id", 2], ["LIMIT", 1]]
  ↳ app/controllers/subs_controller.rb:21
  Rendering subs/show.html.erb within layouts/application
  [1m[36mPost Load (0.8ms)[0m  [1m[34mSELECT "posts".* FROM "posts" WHERE "posts"."sub_id" = $1[0m  [["sub_id", 2]]
  ↳ app/views/subs/show.html.erb:11
  Rendered subs/show.html.erb within layouts/application (3.2ms)
Completed 200 OK in 34ms (Views: 29.8ms | ActiveRecord: 1.5ms)


Started GET "/subs/2" for 127.0.0.1 at 2018-10-23 17:09:14 -0400
Processing by SubsController#show as HTML
  Parameters: {"id"=>"2"}
  [1m[36mUser Load (0.4ms)[0m  [1m[34mSELECT  "users".* FROM "users" WHERE "users"."session_token" = $1 LIMIT $2[0m  [["session_token", "BvjNX1rMbJRLDIogs-_FWg"], ["LIMIT", 1]]
  ↳ app/controllers/application_controller.rb:8
  [1m[36mSub Load (0.4ms)[0m  [1m[34mSELECT  "subs".* FROM "subs" WHERE "subs"."id" = $1 LIMIT $2[0m  [["id", 2], ["LIMIT", 1]]
  ↳ app/controllers/subs_controller.rb:21
  Rendering subs/show.html.erb within layouts/application
  [1m[36mPost Load (0.9ms)[0m  [1m[34mSELECT "posts".* FROM "posts" WHERE "posts"."sub_id" = $1[0m  [["sub_id", 2]]
  ↳ app/views/subs/show.html.erb:11
  Rendered subs/show.html.erb within layouts/application (3.6ms)
Completed 200 OK in 34ms (Views: 29.9ms | ActiveRecord: 1.7ms)


Started GET "/subs/2" for 127.0.0.1 at 2018-10-23 17:09:28 -0400
Processing by SubsController#show as HTML
  Parameters: {"id"=>"2"}
  [1m[36mUser Load (1.3ms)[0m  [1m[34mSELECT  "users".* FROM "users" WHERE "users"."session_token" = $1 LIMIT $2[0m  [["session_token", "BvjNX1rMbJRLDIogs-_FWg"], ["LIMIT", 1]]
  ↳ app/controllers/application_controller.rb:8
  [1m[36mSub Load (0.6ms)[0m  [1m[34mSELECT  "subs".* FROM "subs" WHERE "subs"."id" = $1 LIMIT $2[0m  [["id", 2], ["LIMIT", 1]]
  ↳ app/controllers/subs_controller.rb:21
  Rendering subs/show.html.erb within layouts/application
  [1m[36mPost Load (0.8ms)[0m  [1m[34mSELECT "posts".* FROM "posts" WHERE "posts"."sub_id" = $1[0m  [["sub_id", 2]]
  ↳ app/views/subs/show.html.erb:12
  Rendered subs/show.html.erb within layouts/application (3.9ms)
Completed 200 OK in 52ms (Views: 44.5ms | ActiveRecord: 2.6ms)


Started GET "/subs" for 127.0.0.1 at 2018-10-23 17:10:37 -0400
Processing by SubsController#index as HTML
  [1m[36mUser Load (0.6ms)[0m  [1m[34mSELECT  "users".* FROM "users" WHERE "users"."session_token" = $1 LIMIT $2[0m  [["session_token", "BvjNX1rMbJRLDIogs-_FWg"], ["LIMIT", 1]]
  ↳ app/controllers/application_controller.rb:8
  Rendering subs/index.html.erb within layouts/application
  [1m[36mSub Load (0.8ms)[0m  [1m[34mSELECT "subs".* FROM "subs" WHERE "subs"."user_id" = $1[0m  [["user_id", 2]]
  ↳ app/views/subs/index.html.erb:6
  [1m[36mSub Load (0.6ms)[0m  [1m[34mSELECT "subs".* FROM "subs" WHERE "subs"."user_id" != $1[0m  [["user_id", 2]]
  ↳ app/views/subs/index.html.erb:21
  Rendered subs/index.html.erb within layouts/application (6.3ms)
Completed 200 OK in 44ms (Views: 36.8ms | ActiveRecord: 2.0ms)


Started GET "/subs/2/edit?authenticity_token=M%2Bj9US3V0z%2Blt3q0vhq7tbmZb305O1md9rWPWL5FTWJ4Fq89KKBu5%2F4uUolmo0pHVEj23E21gk4LoOfg3j4QQw%3D%3D" for 127.0.0.1 at 2018-10-23 17:10:40 -0400
Processing by SubsController#edit as HTML
  Parameters: {"authenticity_token"=>"M+j9US3V0z+lt3q0vhq7tbmZb305O1md9rWPWL5FTWJ4Fq89KKBu5/4uUolmo0pHVEj23E21gk4LoOfg3j4QQw==", "id"=>"2"}
  [1m[36mUser Load (0.4ms)[0m  [1m[34mSELECT  "users".* FROM "users" WHERE "users"."session_token" = $1 LIMIT $2[0m  [["session_token", "BvjNX1rMbJRLDIogs-_FWg"], ["LIMIT", 1]]
  ↳ app/controllers/application_controller.rb:8
  [1m[36mSub Load (0.4ms)[0m  [1m[34mSELECT  "subs".* FROM "subs" WHERE "subs"."id" = $1 LIMIT $2[0m  [["id", 2], ["LIMIT", 1]]
  ↳ app/controllers/subs_controller.rb:32
  Rendering subs/edit.html.erb within layouts/application
  Rendered subs/edit.html.erb within layouts/application (1.0ms)
Completed 200 OK in 36ms (Views: 30.3ms | ActiveRecord: 0.8ms)


Started PATCH "/subs" for 127.0.0.1 at 2018-10-23 17:10:56 -0400
  
ActionController::RoutingError (No route matches [PATCH] "/subs"):
  
actionpack (5.2.1) lib/action_dispatch/middleware/debug_exceptions.rb:65:in `call'
web-console (3.7.0) lib/web_console/middleware.rb:135:in `call_app'
web-console (3.7.0) lib/web_console/middleware.rb:30:in `block in call'
web-console (3.7.0) lib/web_console/middleware.rb:20:in `catch'
web-console (3.7.0) lib/web_console/middleware.rb:20:in `call'
actionpack (5.2.1) lib/action_dispatch/middleware/show_exceptions.rb:33:in `call'
railties (5.2.1) lib/rails/rack/logger.rb:38:in `call_app'
railties (5.2.1) lib/rails/rack/logger.rb:26:in `block in call'
activesupport (5.2.1) lib/active_support/tagged_logging.rb:71:in `block in tagged'
activesupport (5.2.1) lib/active_support/tagged_logging.rb:28:in `tagged'
activesupport (5.2.1) lib/active_support/tagged_logging.rb:71:in `tagged'
railties (5.2.1) lib/rails/rack/logger.rb:26:in `call'
sprockets-rails (3.2.1) lib/sprockets/rails/quiet_assets.rb:13:in `call'
actionpack (5.2.1) lib/action_dispatch/middleware/remote_ip.rb:81:in `call'
actionpack (5.2.1) lib/action_dispatch/middleware/request_id.rb:27:in `call'
rack (2.0.5) lib/rack/method_override.rb:22:in `call'
rack (2.0.5) lib/rack/runtime.rb:22:in `call'
activesupport (5.2.1) lib/active_support/cache/strategy/local_cache_middleware.rb:29:in `call'
actionpack (5.2.1) lib/action_dispatch/middleware/executor.rb:14:in `call'
actionpack (5.2.1) lib/action_dispatch/middleware/static.rb:127:in `call'
rack (2.0.5) lib/rack/sendfile.rb:111:in `call'
railties (5.2.1) lib/rails/engine.rb:524:in `call'
puma (3.12.0) lib/puma/configuration.rb:225:in `call'
puma (3.12.0) lib/puma/server.rb:658:in `handle_request'
puma (3.12.0) lib/puma/server.rb:472:in `process_client'
puma (3.12.0) lib/puma/server.rb:332:in `block in run'
puma (3.12.0) lib/puma/thread_pool.rb:133:in `block in spawn_thread'
Started PATCH "/subs" for 127.0.0.1 at 2018-10-23 17:11:29 -0400
  
ActionController::RoutingError (No route matches [PATCH] "/subs"):
  
actionpack (5.2.1) lib/action_dispatch/middleware/debug_exceptions.rb:65:in `call'
web-console (3.7.0) lib/web_console/middleware.rb:135:in `call_app'
web-console (3.7.0) lib/web_console/middleware.rb:30:in `block in call'
web-console (3.7.0) lib/web_console/middleware.rb:20:in `catch'
web-console (3.7.0) lib/web_console/middleware.rb:20:in `call'
actionpack (5.2.1) lib/action_dispatch/middleware/show_exceptions.rb:33:in `call'
railties (5.2.1) lib/rails/rack/logger.rb:38:in `call_app'
railties (5.2.1) lib/rails/rack/logger.rb:26:in `block in call'
activesupport (5.2.1) lib/active_support/tagged_logging.rb:71:in `block in tagged'
activesupport (5.2.1) lib/active_support/tagged_logging.rb:28:in `tagged'
activesupport (5.2.1) lib/active_support/tagged_logging.rb:71:in `tagged'
railties (5.2.1) lib/rails/rack/logger.rb:26:in `call'
sprockets-rails (3.2.1) lib/sprockets/rails/quiet_assets.rb:13:in `call'
actionpack (5.2.1) lib/action_dispatch/middleware/remote_ip.rb:81:in `call'
actionpack (5.2.1) lib/action_dispatch/middleware/request_id.rb:27:in `call'
rack (2.0.5) lib/rack/method_override.rb:22:in `call'
rack (2.0.5) lib/rack/runtime.rb:22:in `call'
activesupport (5.2.1) lib/active_support/cache/strategy/local_cache_middleware.rb:29:in `call'
actionpack (5.2.1) lib/action_dispatch/middleware/executor.rb:14:in `call'
actionpack (5.2.1) lib/action_dispatch/middleware/static.rb:127:in `call'
rack (2.0.5) lib/rack/sendfile.rb:111:in `call'
railties (5.2.1) lib/rails/engine.rb:524:in `call'
puma (3.12.0) lib/puma/configuration.rb:225:in `call'
puma (3.12.0) lib/puma/server.rb:658:in `handle_request'
puma (3.12.0) lib/puma/server.rb:472:in `process_client'
puma (3.12.0) lib/puma/server.rb:332:in `block in run'
puma (3.12.0) lib/puma/thread_pool.rb:133:in `block in spawn_thread'
Started PATCH "/subs" for 127.0.0.1 at 2018-10-23 17:11:32 -0400
  
ActionController::RoutingError (No route matches [PATCH] "/subs"):
  
actionpack (5.2.1) lib/action_dispatch/middleware/debug_exceptions.rb:65:in `call'
web-console (3.7.0) lib/web_console/middleware.rb:135:in `call_app'
web-console (3.7.0) lib/web_console/middleware.rb:30:in `block in call'
web-console (3.7.0) lib/web_console/middleware.rb:20:in `catch'
web-console (3.7.0) lib/web_console/middleware.rb:20:in `call'
actionpack (5.2.1) lib/action_dispatch/middleware/show_exceptions.rb:33:in `call'
railties (5.2.1) lib/rails/rack/logger.rb:38:in `call_app'
railties (5.2.1) lib/rails/rack/logger.rb:26:in `block in call'
activesupport (5.2.1) lib/active_support/tagged_logging.rb:71:in `block in tagged'
activesupport (5.2.1) lib/active_support/tagged_logging.rb:28:in `tagged'
activesupport (5.2.1) lib/active_support/tagged_logging.rb:71:in `tagged'
railties (5.2.1) lib/rails/rack/logger.rb:26:in `call'
sprockets-rails (3.2.1) lib/sprockets/rails/quiet_assets.rb:13:in `call'
actionpack (5.2.1) lib/action_dispatch/middleware/remote_ip.rb:81:in `call'
actionpack (5.2.1) lib/action_dispatch/middleware/request_id.rb:27:in `call'
rack (2.0.5) lib/rack/method_override.rb:22:in `call'
rack (2.0.5) lib/rack/runtime.rb:22:in `call'
activesupport (5.2.1) lib/active_support/cache/strategy/local_cache_middleware.rb:29:in `call'
actionpack (5.2.1) lib/action_dispatch/middleware/executor.rb:14:in `call'
actionpack (5.2.1) lib/action_dispatch/middleware/static.rb:127:in `call'
rack (2.0.5) lib/rack/sendfile.rb:111:in `call'
railties (5.2.1) lib/rails/engine.rb:524:in `call'
puma (3.12.0) lib/puma/configuration.rb:225:in `call'
puma (3.12.0) lib/puma/server.rb:658:in `handle_request'
puma (3.12.0) lib/puma/server.rb:472:in `process_client'
puma (3.12.0) lib/puma/server.rb:332:in `block in run'
puma (3.12.0) lib/puma/thread_pool.rb:133:in `block in spawn_thread'
Started PATCH "/subs" for 127.0.0.1 at 2018-10-23 17:12:16 -0400
  
ActionController::RoutingError (No route matches [PATCH] "/subs"):
  
actionpack (5.2.1) lib/action_dispatch/middleware/debug_exceptions.rb:65:in `call'
web-console (3.7.0) lib/web_console/middleware.rb:135:in `call_app'
web-console (3.7.0) lib/web_console/middleware.rb:30:in `block in call'
web-console (3.7.0) lib/web_console/middleware.rb:20:in `catch'
web-console (3.7.0) lib/web_console/middleware.rb:20:in `call'
actionpack (5.2.1) lib/action_dispatch/middleware/show_exceptions.rb:33:in `call'
railties (5.2.1) lib/rails/rack/logger.rb:38:in `call_app'
railties (5.2.1) lib/rails/rack/logger.rb:26:in `block in call'
activesupport (5.2.1) lib/active_support/tagged_logging.rb:71:in `block in tagged'
activesupport (5.2.1) lib/active_support/tagged_logging.rb:28:in `tagged'
activesupport (5.2.1) lib/active_support/tagged_logging.rb:71:in `tagged'
railties (5.2.1) lib/rails/rack/logger.rb:26:in `call'
sprockets-rails (3.2.1) lib/sprockets/rails/quiet_assets.rb:13:in `call'
actionpack (5.2.1) lib/action_dispatch/middleware/remote_ip.rb:81:in `call'
actionpack (5.2.1) lib/action_dispatch/middleware/request_id.rb:27:in `call'
rack (2.0.5) lib/rack/method_override.rb:22:in `call'
rack (2.0.5) lib/rack/runtime.rb:22:in `call'
activesupport (5.2.1) lib/active_support/cache/strategy/local_cache_middleware.rb:29:in `call'
actionpack (5.2.1) lib/action_dispatch/middleware/executor.rb:14:in `call'
actionpack (5.2.1) lib/action_dispatch/middleware/static.rb:127:in `call'
rack (2.0.5) lib/rack/sendfile.rb:111:in `call'
railties (5.2.1) lib/rails/engine.rb:524:in `call'
puma (3.12.0) lib/puma/configuration.rb:225:in `call'
puma (3.12.0) lib/puma/server.rb:658:in `handle_request'
puma (3.12.0) lib/puma/server.rb:472:in `process_client'
puma (3.12.0) lib/puma/server.rb:332:in `block in run'
puma (3.12.0) lib/puma/thread_pool.rb:133:in `block in spawn_thread'
Started GET "/subs/2/edit?authenticity_token=M%2Bj9US3V0z%2Blt3q0vhq7tbmZb305O1md9rWPWL5FTWJ4Fq89KKBu5%2F4uUolmo0pHVEj23E21gk4LoOfg3j4QQw%3D%3D" for 127.0.0.1 at 2018-10-23 17:13:05 -0400
Processing by SubsController#edit as HTML
  Parameters: {"authenticity_token"=>"M+j9US3V0z+lt3q0vhq7tbmZb305O1md9rWPWL5FTWJ4Fq89KKBu5/4uUolmo0pHVEj23E21gk4LoOfg3j4QQw==", "id"=>"2"}
  [1m[36mUser Load (0.4ms)[0m  [1m[34mSELECT  "users".* FROM "users" WHERE "users"."session_token" = $1 LIMIT $2[0m  [["session_token", "BvjNX1rMbJRLDIogs-_FWg"], ["LIMIT", 1]]
  ↳ app/controllers/application_controller.rb:8
  [1m[36mSub Load (0.3ms)[0m  [1m[34mSELECT  "subs".* FROM "subs" WHERE "subs"."id" = $1 LIMIT $2[0m  [["id", 2], ["LIMIT", 1]]
  ↳ app/controllers/subs_controller.rb:32
  Rendering subs/edit.html.erb within layouts/application
  Rendered subs/edit.html.erb within layouts/application (1.6ms)
Completed 200 OK in 98ms (Views: 92.7ms | ActiveRecord: 0.7ms)


Started PATCH "/subs/2" for 127.0.0.1 at 2018-10-23 17:13:17 -0400
Processing by SubsController#update as HTML
  Parameters: {"authenticity_token"=>"VYkK1NCdYdLRdBEjC8Gmjw6FFLbKVvJzF3aw33VIm9Med1i41ejcCortOR7TeFd941SNF77YKaDqY9hnFTPG8g==", "sub"=>{"title"=>"im taking the queen", "Description"=>"obiwan!"}, "id"=>"2"}
  [1m[36mUser Load (0.9ms)[0m  [1m[34mSELECT  "users".* FROM "users" WHERE "users"."session_token" = $1 LIMIT $2[0m  [["session_token", "BvjNX1rMbJRLDIogs-_FWg"], ["LIMIT", 1]]
  ↳ app/controllers/application_controller.rb:8
  [1m[36mSub Load (0.7ms)[0m  [1m[34mSELECT  "subs".* FROM "subs" WHERE "subs"."user_id" = $1 AND "subs"."id" = $2 LIMIT $3[0m  [["user_id", 2], ["id", 2], ["LIMIT", 1]]
  ↳ app/controllers/subs_controller.rb:36
Unpermitted parameter: :Description
  [1m[35m (0.2ms)[0m  [1m[35mBEGIN[0m
  ↳ app/controllers/subs_controller.rb:38
  [1m[36mUser Load (0.7ms)[0m  [1m[34mSELECT  "users".* FROM "users" WHERE "users"."id" = $1 LIMIT $2[0m  [["id", 2], ["LIMIT", 1]]
  ↳ app/controllers/subs_controller.rb:38
  [1m[36mSub Update (0.6ms)[0m  [1m[33mUPDATE "subs" SET "title" = $1, "updated_at" = $2 WHERE "subs"."id" = $3[0m  [["title", "im taking the queen"], ["updated_at", "2018-10-23 21:13:18.059984"], ["id", 2]]
  ↳ app/controllers/subs_controller.rb:38
  [1m[35m (40.6ms)[0m  [1m[35mCOMMIT[0m
  ↳ app/controllers/subs_controller.rb:38
Redirected to http://localhost:3000/subs/2
Completed 302 Found in 110ms (ActiveRecord: 43.7ms)


Started GET "/subs/2" for 127.0.0.1 at 2018-10-23 17:13:18 -0400
Processing by SubsController#show as HTML
  Parameters: {"id"=>"2"}
  [1m[36mUser Load (1.0ms)[0m  [1m[34mSELECT  "users".* FROM "users" WHERE "users"."session_token" = $1 LIMIT $2[0m  [["session_token", "BvjNX1rMbJRLDIogs-_FWg"], ["LIMIT", 1]]
  ↳ app/controllers/application_controller.rb:8
  [1m[36mSub Load (0.7ms)[0m  [1m[34mSELECT  "subs".* FROM "subs" WHERE "subs"."id" = $1 LIMIT $2[0m  [["id", 2], ["LIMIT", 1]]
  ↳ app/controllers/subs_controller.rb:21
  Rendering subs/show.html.erb within layouts/application
  [1m[36mPost Load (2.6ms)[0m  [1m[34mSELECT "posts".* FROM "posts" WHERE "posts"."sub_id" = $1[0m  [["sub_id", 2]]
  ↳ app/views/subs/show.html.erb:12
  Rendered subs/show.html.erb within layouts/application (5.5ms)
Completed 200 OK in 53ms (Views: 45.7ms | ActiveRecord: 4.2ms)


  [1m[35m (0.3ms)[0m  [1m[34mSELECT pg_try_advisory_lock(6711173107426626090)[0m
  ↳ bin/rails:9
  [1m[35m (22.0ms)[0m  [1m[34mSELECT "schema_migrations"."version" FROM "schema_migrations" ORDER BY "schema_migrations"."version" ASC[0m
  ↳ bin/rails:9
Migrating to CreatePostSubs (20181023211734)
  [1m[35m (0.3ms)[0m  [1m[35mBEGIN[0m
  ↳ bin/rails:9
  [1m[35m (238.7ms)[0m  [1m[35mCREATE TABLE "post_subs" ("id" bigserial primary key, "sub_id" integer NOT NULL, "post_id" integer NOT NULL, "created_at" timestamp NOT NULL, "updated_at" timestamp NOT NULL)[0m
  ↳ db/migrate/20181023211734_create_post_subs.rb:3
  [1m[35m (1.7ms)[0m  [1m[35mCREATE  INDEX  "index_post_subs_on_sub_id" ON "post_subs"  ("sub_id")[0m
  ↳ db/migrate/20181023211734_create_post_subs.rb:8
  [1m[35m (1.4ms)[0m  [1m[35mCREATE  INDEX  "index_post_subs_on_post_id" ON "post_subs"  ("post_id")[0m
  ↳ db/migrate/20181023211734_create_post_subs.rb:9
  [1m[35m (1.6ms)[0m  [1m[35mCREATE UNIQUE INDEX  "index_post_subs_on_post_id_and_sub_id" ON "post_subs"  ("post_id", "sub_id")[0m
  ↳ db/migrate/20181023211734_create_post_subs.rb:11
  [1m[36mActiveRecord::SchemaMigration Create (0.5ms)[0m  [1m[32mINSERT INTO "schema_migrations" ("version") VALUES ($1) RETURNING "version"[0m  [["version", "20181023211734"]]
  ↳ bin/rails:9
  [1m[35m (89.9ms)[0m  [1m[35mCOMMIT[0m
  ↳ bin/rails:9
  [1m[36mActiveRecord::InternalMetadata Load (0.7ms)[0m  [1m[34mSELECT  "ar_internal_metadata".* FROM "ar_internal_metadata" WHERE "ar_internal_metadata"."key" = $1 LIMIT $2[0m  [["key", "environment"], ["LIMIT", 1]]
  ↳ bin/rails:9
  [1m[35m (0.2ms)[0m  [1m[35mBEGIN[0m
  ↳ bin/rails:9
  [1m[35m (0.2ms)[0m  [1m[35mCOMMIT[0m
  ↳ bin/rails:9
  [1m[35m (0.4ms)[0m  [1m[34mSELECT pg_advisory_unlock(6711173107426626090)[0m
  ↳ bin/rails:9
  [1m[35m (0.4ms)[0m  [1m[34mSELECT "schema_migrations"."version" FROM "schema_migrations" ORDER BY "schema_migrations"."version" ASC[0m
  ↳ bin/rails:9
